# JRE version: OpenJDK Runtime Environment Temurin-21.0.6+7 (21.0.6+7) (build 21.0.6+7-LTS)
# Java VM: OpenJDK 64-Bit Server VM Temurin-21.0.6+7 (21.0.6+7-LTS, mixed mode, sharing, tiered, compressed oops, compressed class ptrs, parallel gc, windows-amd64)
GC Precious Log:
 CardTable entry size: 512
 CPUs: 12 total, 12 available
 Memory: 5981M
 Large Page Support: Disabled
 NUMA Support: Disabled
 Compressed Oops: Enabled (32-bit)
 Alignments: Space 512K, Generation 512K, Heap 2M
 Heap Min Capacity: 100M
 Heap Initial Capacity: 100M
 Heap Max Capacity: 1G
 Pre-touch: Disabled
 Parallel Workers: 10
Heap:
 PSYoungGen      total 5632K, used 2462K [0x00000000eab00000, 0x00000000eb180000, 0x0000000100000000)
  eden space 4608K, 39% used [0x00000000eab00000,0x00000000eacc9838,0x00000000eaf80000)
  from space 1024K, 61% used [0x00000000eaf80000,0x00000000eb01dff0,0x00000000eb080000)
  to   space 1024K, 0% used [0x00000000eb080000,0x00000000eb080000,0x00000000eb180000)
 ParOldGen       total 512512K, used 512244K [0x00000000c0000000, 0x00000000df480000, 0x00000000eab00000)
  object space 512512K, 99% used [0x00000000c0000000,0x00000000df43d080,0x00000000df480000)
 Metaspace       used 61572K, committed 62976K, reserved 1114112K
  class space    used 6392K, committed 6976K, reserved 1048576K
GC Heap History (20 events):
Event: 17.617 GC heap before
{Heap before GC invocations=706 (full 3):
 PSYoungGen      total 5632K, used 5311K [0x00000000eab00000, 0x00000000eb280000, 0x0000000100000000)
  eden space 4608K, 99% used [0x00000000eab00000,0x00000000eaf7ffe0,0x00000000eaf80000)
  from space 1024K, 68% used [0x00000000eb180000,0x00000000eb230000,0x00000000eb280000)
  to   space 1024K, 0% used [0x00000000eaf80000,0x00000000eaf80000,0x00000000eb080000)
 ParOldGen       total 506880K, used 506508K [0x00000000c0000000, 0x00000000def00000, 0x00000000eab00000)
  object space 506880K, 99% used [0x00000000c0000000,0x00000000deea30f8,0x00000000def00000)
 Metaspace       used 61562K, committed 62976K, reserved 1114112K
  class space    used 6391K, committed 6976K, reserved 1048576K
}
Event: 17.620 GC heap after
{Heap after GC invocations=706 (full 3):
 PSYoungGen      total 5632K, used 704K [0x00000000eab00000, 0x00000000eb280000, 0x0000000100000000)
  eden space 4608K, 0% used [0x00000000eab00000,0x00000000eab00000,0x00000000eaf80000)
  from space 1024K, 68% used [0x00000000eaf80000,0x00000000eb030000,0x00000000eb080000)
  to   space 1024K, 0% used [0x00000000eb180000,0x00000000eb180000,0x00000000eb280000)
 ParOldGen       total 507392K, used 507127K [0x00000000c0000000, 0x00000000def80000, 0x00000000eab00000)
  object space 507392K, 99% used [0x00000000c0000000,0x00000000def3dd08,0x00000000def80000)
 Metaspace       used 61562K, committed 62976K, reserved 1114112K
  class space    used 6391K, committed 6976K, reserved 1048576K
}
Event: 17.631 GC heap before
{Heap before GC invocations=707 (full 3):
 PSYoungGen      total 5632K, used 5312K [0x00000000eab00000, 0x00000000eb280000, 0x0000000100000000)
  eden space 4608K, 100% used [0x00000000eab00000,0x00000000eaf80000,0x00000000eaf80000)
  from space 1024K, 68% used [0x00000000eaf80000,0x00000000eb030000,0x00000000eb080000)
  to   space 1024K, 0% used [0x00000000eb180000,0x00000000eb180000,0x00000000eb280000)
 ParOldGen       total 507392K, used 507127K [0x00000000c0000000, 0x00000000def80000, 0x00000000eab00000)
  object space 507392K, 99% used [0x00000000c0000000,0x00000000def3dd08,0x00000000def80000)
 Metaspace       used 61562K, committed 62976K, reserved 1114112K
  class space    used 6391K, committed 6976K, reserved 1048576K
}
Event: 17.633 GC heap after
{Heap after GC invocations=707 (full 3):
 PSYoungGen      total 5632K, used 800K [0x00000000eab00000, 0x00000000eb280000, 0x0000000100000000)
  eden space 4608K, 0% used [0x00000000eab00000,0x00000000eab00000,0x00000000eaf80000)
  from space 1024K, 78% used [0x00000000eb180000,0x00000000eb248000,0x00000000eb280000)
  to   space 1024K, 0% used [0x00000000eaf80000,0x00000000eaf80000,0x00000000eb080000)
 ParOldGen       total 507904K, used 507711K [0x00000000c0000000, 0x00000000df000000, 0x00000000eab00000)
  object space 507904K, 99% used [0x00000000c0000000,0x00000000defcfd08,0x00000000df000000)
 Metaspace       used 61562K, committed 62976K, reserved 1114112K
  class space    used 6391K, committed 6976K, reserved 1048576K
}
Event: 17.643 GC heap before
{Heap before GC invocations=708 (full 3):
 PSYoungGen      total 5632K, used 5408K [0x00000000eab00000, 0x00000000eb280000, 0x0000000100000000)
  eden space 4608K, 100% used [0x00000000eab00000,0x00000000eaf80000,0x00000000eaf80000)
  from space 1024K, 78% used [0x00000000eb180000,0x00000000eb248000,0x00000000eb280000)
  to   space 1024K, 0% used [0x00000000eaf80000,0x00000000eaf80000,0x00000000eb080000)
 ParOldGen       total 507904K, used 507711K [0x00000000c0000000, 0x00000000df000000, 0x00000000eab00000)
  object space 507904K, 99% used [0x00000000c0000000,0x00000000defcfd08,0x00000000df000000)
 Metaspace       used 61562K, committed 62976K, reserved 1114112K
  class space    used 6391K, committed 6976K, reserved 1048576K
}
Event: 17.645 GC heap after
{Heap after GC invocations=708 (full 3):
 PSYoungGen      total 5632K, used 704K [0x00000000eab00000, 0x00000000eb200000, 0x0000000100000000)
  eden space 4608K, 0% used [0x00000000eab00000,0x00000000eab00000,0x00000000eaf80000)
  from space 1024K, 68% used [0x00000000eaf80000,0x00000000eb030000,0x00000000eb080000)
  to   space 1024K, 0% used [0x00000000eb100000,0x00000000eb100000,0x00000000eb200000)
 ParOldGen       total 508416K, used 508335K [0x00000000c0000000, 0x00000000df080000, 0x00000000eab00000)
  object space 508416K, 99% used [0x00000000c0000000,0x00000000df06bd08,0x00000000df080000)
 Metaspace       used 61562K, committed 62976K, reserved 1114112K
  class space    used 6391K, committed 6976K, reserved 1048576K
}
Event: 17.731 GC heap before
{Heap before GC invocations=709 (full 3):
 PSYoungGen      total 5632K, used 5312K [0x00000000eab00000, 0x00000000eb200000, 0x0000000100000000)
  eden space 4608K, 100% used [0x00000000eab00000,0x00000000eaf80000,0x00000000eaf80000)
  from space 1024K, 68% used [0x00000000eaf80000,0x00000000eb030000,0x00000000eb080000)
  to   space 1024K, 0% used [0x00000000eb100000,0x00000000eb100000,0x00000000eb200000)
 ParOldGen       total 508416K, used 508335K [0x00000000c0000000, 0x00000000df080000, 0x00000000eab00000)
  object space 508416K, 99% used [0x00000000c0000000,0x00000000df06bd08,0x00000000df080000)
 Metaspace       used 61564K, committed 62976K, reserved 1114112K
  class space    used 6391K, committed 6976K, reserved 1048576K
}
Event: 17.733 GC heap after
{Heap after GC invocations=709 (full 3):
 PSYoungGen      total 5120K, used 374K [0x00000000eab00000, 0x00000000eb180000, 0x0000000100000000)
  eden space 4608K, 0% used [0x00000000eab00000,0x00000000eab00000,0x00000000eaf80000)
  from space 512K, 73% used [0x00000000eb100000,0x00000000eb15dba8,0x00000000eb180000)
  to   space 512K, 0% used [0x00000000eb080000,0x00000000eb080000,0x00000000eb100000)
 ParOldGen       total 508928K, used 508887K [0x00000000c0000000, 0x00000000df100000, 0x00000000eab00000)
  object space 508928K, 99% used [0x00000000c0000000,0x00000000df0f5d08,0x00000000df100000)
 Metaspace       used 61564K, committed 62976K, reserved 1114112K
  class space    used 6391K, committed 6976K, reserved 1048576K
}
Event: 17.742 GC heap before
{Heap before GC invocations=710 (full 3):
 PSYoungGen      total 5120K, used 4982K [0x00000000eab00000, 0x00000000eb180000, 0x0000000100000000)
  eden space 4608K, 100% used [0x00000000eab00000,0x00000000eaf80000,0x00000000eaf80000)
  from space 512K, 73% used [0x00000000eb100000,0x00000000eb15dba8,0x00000000eb180000)
  to   space 512K, 0% used [0x00000000eb080000,0x00000000eb080000,0x00000000eb100000)
 ParOldGen       total 508928K, used 508887K [0x00000000c0000000, 0x00000000df100000, 0x00000000eab00000)
  object space 508928K, 99% used [0x00000000c0000000,0x00000000df0f5d08,0x00000000df100000)
 Metaspace       used 61564K, committed 62976K, reserved 1114112K
  class space    used 6391K, committed 6976K, reserved 1048576K
}
Event: 17.743 GC heap after
{Heap after GC invocations=710 (full 3):
 PSYoungGen      total 5120K, used 512K [0x00000000eab00000, 0x00000000eb180000, 0x0000000100000000)
  eden space 4608K, 0% used [0x00000000eab00000,0x00000000eab00000,0x00000000eaf80000)
  from space 512K, 100% used [0x00000000eb080000,0x00000000eb100000,0x00000000eb100000)
  to   space 512K, 0% used [0x00000000eb100000,0x00000000eb100000,0x00000000eb180000)
 ParOldGen       total 509440K, used 509110K [0x00000000c0000000, 0x00000000df180000, 0x00000000eab00000)
  object space 509440K, 99% used [0x00000000c0000000,0x00000000df12d8b0,0x00000000df180000)
 Metaspace       used 61564K, committed 62976K, reserved 1114112K
  class space    used 6391K, committed 6976K, reserved 1048576K
}
Event: 17.773 GC heap before
{Heap before GC invocations=711 (full 3):
 PSYoungGen      total 5120K, used 5120K [0x00000000eab00000, 0x00000000eb180000, 0x0000000100000000)
  eden space 4608K, 100% used [0x00000000eab00000,0x00000000eaf80000,0x00000000eaf80000)
  from space 512K, 100% used [0x00000000eb080000,0x00000000eb100000,0x00000000eb100000)
  to   space 512K, 0% used [0x00000000eb100000,0x00000000eb100000,0x00000000eb180000)
 ParOldGen       total 509440K, used 509110K [0x00000000c0000000, 0x00000000df180000, 0x00000000eab00000)
  object space 509440K, 99% used [0x00000000c0000000,0x00000000df12d8b0,0x00000000df180000)
 Metaspace       used 61564K, committed 62976K, reserved 1114112K
  class space    used 6391K, committed 6976K, reserved 1048576K
}
Event: 17.775 GC heap after
{Heap after GC invocations=711 (full 3):
 PSYoungGen      total 5120K, used 497K [0x00000000eab00000, 0x00000000eb280000, 0x0000000100000000)
  eden space 4608K, 0% used [0x00000000eab00000,0x00000000eab00000,0x00000000eaf80000)
  from space 512K, 97% used [0x00000000eb100000,0x00000000eb17c7b8,0x00000000eb180000)
  to   space 1536K, 0% used [0x00000000eaf80000,0x00000000eaf80000,0x00000000eb100000)
 ParOldGen       total 509952K, used 509649K [0x00000000c0000000, 0x00000000df200000, 0x00000000eab00000)
  object space 509952K, 99% used [0x00000000c0000000,0x00000000df1b44b8,0x00000000df200000)
 Metaspace       used 61564K, committed 62976K, reserved 1114112K
  class space    used 6391K, committed 6976K, reserved 1048576K
}
Event: 17.781 GC heap before
{Heap before GC invocations=712 (full 3):
 PSYoungGen      total 5120K, used 5105K [0x00000000eab00000, 0x00000000eb280000, 0x0000000100000000)
  eden space 4608K, 100% used [0x00000000eab00000,0x00000000eaf80000,0x00000000eaf80000)
  from space 512K, 97% used [0x00000000eb100000,0x00000000eb17c7b8,0x00000000eb180000)
  to   space 1536K, 0% used [0x00000000eaf80000,0x00000000eaf80000,0x00000000eb100000)
 ParOldGen       total 509952K, used 509649K [0x00000000c0000000, 0x00000000df200000, 0x00000000eab00000)
  object space 509952K, 99% used [0x00000000c0000000,0x00000000df1b44b8,0x00000000df200000)
 Metaspace       used 61564K, committed 62976K, reserved 1114112K
  class space    used 6391K, committed 6976K, reserved 1048576K
}
Event: 17.782 GC heap after
{Heap after GC invocations=712 (full 3):
 PSYoungGen      total 5632K, used 640K [0x00000000eab00000, 0x00000000eb180000, 0x0000000100000000)
  eden space 4608K, 0% used [0x00000000eab00000,0x00000000eab00000,0x00000000eaf80000)
  from space 1024K, 62% used [0x00000000eaf80000,0x00000000eb020000,0x00000000eb080000)
  to   space 1024K, 0% used [0x00000000eb080000,0x00000000eb080000,0x00000000eb180000)
 ParOldGen       total 510464K, used 510115K [0x00000000c0000000, 0x00000000df280000, 0x00000000eab00000)
  object space 510464K, 99% used [0x00000000c0000000,0x00000000df228c70,0x00000000df280000)
 Metaspace       used 61564K, committed 62976K, reserved 1114112K
  class space    used 6391K, committed 6976K, reserved 1048576K
}
Event: 17.789 GC heap before
{Heap before GC invocations=713 (full 3):
 PSYoungGen      total 5632K, used 5248K [0x00000000eab00000, 0x00000000eb180000, 0x0000000100000000)
  eden space 4608K, 100% used [0x00000000eab00000,0x00000000eaf80000,0x00000000eaf80000)
  from space 1024K, 62% used [0x00000000eaf80000,0x00000000eb020000,0x00000000eb080000)
  to   space 1024K, 0% used [0x00000000eb080000,0x00000000eb080000,0x00000000eb180000)
 ParOldGen       total 510464K, used 510115K [0x00000000c0000000, 0x00000000df280000, 0x00000000eab00000)
  object space 510464K, 99% used [0x00000000c0000000,0x00000000df228c70,0x00000000df280000)
 Metaspace       used 61564K, committed 62976K, reserved 1114112K
  class space    used 6391K, committed 6976K, reserved 1048576K
}
Event: 17.791 GC heap after
{Heap after GC invocations=713 (full 3):
 PSYoungGen      total 5632K, used 672K [0x00000000eab00000, 0x00000000eb180000, 0x0000000100000000)
  eden space 4608K, 0% used [0x00000000eab00000,0x00000000eab00000,0x00000000eaf80000)
  from space 1024K, 65% used [0x00000000eb080000,0x00000000eb128000,0x00000000eb180000)
  to   space 1024K, 0% used [0x00000000eaf80000,0x00000000eaf80000,0x00000000eb080000)
 ParOldGen       total 510976K, used 510678K [0x00000000c0000000, 0x00000000df300000, 0x00000000eab00000)
  object space 510976K, 99% used [0x00000000c0000000,0x00000000df2b5878,0x00000000df300000)
 Metaspace       used 61564K, committed 62976K, reserved 1114112K
  class space    used 6391K, committed 6976K, reserved 1048576K
}
Event: 17.798 GC heap before
{Heap before GC invocations=714 (full 3):
 PSYoungGen      total 5632K, used 5280K [0x00000000eab00000, 0x00000000eb180000, 0x0000000100000000)
  eden space 4608K, 100% used [0x00000000eab00000,0x00000000eaf80000,0x00000000eaf80000)
  from space 1024K, 65% used [0x00000000eb080000,0x00000000eb128000,0x00000000eb180000)
  to   space 1024K, 0% used [0x00000000eaf80000,0x00000000eaf80000,0x00000000eb080000)
 ParOldGen       total 510976K, used 510678K [0x00000000c0000000, 0x00000000df300000, 0x00000000eab00000)
  object space 510976K, 99% used [0x00000000c0000000,0x00000000df2b5878,0x00000000df300000)
 Metaspace       used 61564K, committed 62976K, reserved 1114112K
  class space    used 6391K, committed 6976K, reserved 1048576K
}
Event: 17.800 GC heap after
{Heap after GC invocations=714 (full 3):
 PSYoungGen      total 5632K, used 726K [0x00000000eab00000, 0x00000000eb180000, 0x0000000100000000)
  eden space 4608K, 0% used [0x00000000eab00000,0x00000000eab00000,0x00000000eaf80000)
  from space 1024K, 70% used [0x00000000eaf80000,0x00000000eb035808,0x00000000eb080000)
  to   space 1024K, 0% used [0x00000000eb080000,0x00000000eb080000,0x00000000eb180000)
 ParOldGen       total 511488K, used 511190K [0x00000000c0000000, 0x00000000df380000, 0x00000000eab00000)
  object space 511488K, 99% used [0x00000000c0000000,0x00000000df335878,0x00000000df380000)
 Metaspace       used 61564K, committed 62976K, reserved 1114112K
  class space    used 6391K, committed 6976K, reserved 1048576K
}
Event: 17.808 GC heap before
{Heap before GC invocations=715 (full 3):
 PSYoungGen      total 5632K, used 5334K [0x00000000eab00000, 0x00000000eb180000, 0x0000000100000000)
  eden space 4608K, 100% used [0x00000000eab00000,0x00000000eaf80000,0x00000000eaf80000)
  from space 1024K, 70% used [0x00000000eaf80000,0x00000000eb035808,0x00000000eb080000)
  to   space 1024K, 0% used [0x00000000eb080000,0x00000000eb080000,0x00000000eb180000)
 ParOldGen       total 511488K, used 511190K [0x00000000c0000000, 0x00000000df380000, 0x00000000eab00000)
  object space 511488K, 99% used [0x00000000c0000000,0x00000000df335878,0x00000000df380000)
 Metaspace       used 61564K, committed 62976K, reserved 1114112K
  class space    used 6391K, committed 6976K, reserved 1048576K
}
Event: 17.809 GC heap after
{Heap after GC invocations=715 (full 3):
 PSYoungGen      total 5632K, used 576K [0x00000000eab00000, 0x00000000eb180000, 0x0000000100000000)
  eden space 4608K, 0% used [0x00000000eab00000,0x00000000eab00000,0x00000000eaf80000)
  from space 1024K, 56% used [0x00000000eb080000,0x00000000eb110000,0x00000000eb180000)
  to   space 1024K, 0% used [0x00000000eaf80000,0x00000000eaf80000,0x00000000eb080000)
 ParOldGen       total 512000K, used 511756K [0x00000000c0000000, 0x00000000df400000, 0x00000000eab00000)
  object space 512000K, 99% used [0x00000000c0000000,0x00000000df3c3080,0x00000000df400000)
 Metaspace       used 61564K, committed 62976K, reserved 1114112K
  class space    used 6391K, committed 6976K, reserved 1048576K
}

