# JRE version: OpenJDK Runtime Environment Temurin-21.0.6+7 (21.0.6+7) (build 21.0.6+7-LTS)
# Java VM: OpenJDK 64-Bit Server VM Temurin-21.0.6+7 (21.0.6+7-LTS, mixed mode, sharing, tiered, compressed oops, compressed class ptrs, parallel gc, windows-amd64)
GC Precious Log:
 CardTable entry size: 512
 CPUs: 12 total, 12 available
 Memory: 5981M
 Large Page Support: Disabled
 NUMA Support: Disabled
 Compressed Oops: Enabled (32-bit)
 Alignments: Space 512K, Generation 512K, Heap 2M
 Heap Min Capacity: 100M
 Heap Initial Capacity: 100M
 Heap Max Capacity: 1G
 Pre-touch: Disabled
 Parallel Workers: 10
Heap:
 PSYoungGen      total 16384K, used 16025K [0x00000000eab00000, 0x00000000ec300000, 0x0000000100000000)
  eden space 9216K, 99% used [0x00000000eab00000,0x00000000eb3ffff8,0x00000000eb400000)
  from space 7168K, 95% used [0x00000000ebc00000,0x00000000ec2a6700,0x00000000ec300000)
  to   space 7168K, 75% used [0x00000000eb500000,0x00000000eba50d40,0x00000000ebc00000)
 ParOldGen       total 362496K, used 361996K [0x00000000c0000000, 0x00000000d6200000, 0x00000000eab00000)
  object space 362496K, 99% used [0x00000000c0000000,0x00000000d6183288,0x00000000d6200000)
 Metaspace       used 66418K, committed 67840K, reserved 1114112K
  class space    used 6978K, committed 7616K, reserved 1048576K
GC Heap History (20 events):
Event: 11.089 GC heap before
{Heap before GC invocations=262 (full 3):
 PSYoungGen      total 5632K, used 5448K [0x00000000eab00000, 0x00000000eb200000, 0x0000000100000000)
  eden space 4096K, 99% used [0x00000000eab00000,0x00000000eaefe450,0x00000000eaf00000)
  from space 1536K, 88% used [0x00000000eb080000,0x00000000eb1d3ca8,0x00000000eb200000)
  to   space 1536K, 0% used [0x00000000eaf00000,0x00000000eaf00000,0x00000000eb080000)
 ParOldGen       total 337408K, used 337029K [0x00000000c0000000, 0x00000000d4980000, 0x00000000eab00000)
  object space 337408K, 99% used [0x00000000c0000000,0x00000000d4921478,0x00000000d4980000)
 Metaspace       used 65915K, committed 67392K, reserved 1114112K
  class space    used 6932K, committed 7552K, reserved 1048576K
}
Event: 11.091 GC heap after
{Heap after GC invocations=262 (full 3):
 PSYoungGen      total 5632K, used 1522K [0x00000000eab00000, 0x00000000eb700000, 0x0000000100000000)
  eden space 4096K, 0% used [0x00000000eab00000,0x00000000eab00000,0x00000000eaf00000)
  from space 1536K, 99% used [0x00000000eaf00000,0x00000000eb07c9d0,0x00000000eb080000)
  to   space 3584K, 0% used [0x00000000eb380000,0x00000000eb380000,0x00000000eb700000)
 ParOldGen       total 338944K, used 338462K [0x00000000c0000000, 0x00000000d4b00000, 0x00000000eab00000)
  object space 338944K, 99% used [0x00000000c0000000,0x00000000d4a87b18,0x00000000d4b00000)
 Metaspace       used 65915K, committed 67392K, reserved 1114112K
  class space    used 6932K, committed 7552K, reserved 1048576K
}
Event: 11.099 GC heap before
{Heap before GC invocations=263 (full 3):
 PSYoungGen      total 5632K, used 5590K [0x00000000eab00000, 0x00000000eb700000, 0x0000000100000000)
  eden space 4096K, 99% used [0x00000000eab00000,0x00000000eaef9178,0x00000000eaf00000)
  from space 1536K, 99% used [0x00000000eaf00000,0x00000000eb07c9d0,0x00000000eb080000)
  to   space 3584K, 0% used [0x00000000eb380000,0x00000000eb380000,0x00000000eb700000)
 ParOldGen       total 338944K, used 338462K [0x00000000c0000000, 0x00000000d4b00000, 0x00000000eab00000)
  object space 338944K, 99% used [0x00000000c0000000,0x00000000d4a87b18,0x00000000d4b00000)
 Metaspace       used 65915K, committed 67392K, reserved 1114112K
  class space    used 6932K, committed 7552K, reserved 1048576K
}
Event: 11.101 GC heap after
{Heap after GC invocations=263 (full 3):
 PSYoungGen      total 7168K, used 1739K [0x00000000eab00000, 0x00000000eb580000, 0x0000000100000000)
  eden space 5120K, 0% used [0x00000000eab00000,0x00000000eab00000,0x00000000eb000000)
  from space 2048K, 84% used [0x00000000eb380000,0x00000000eb532c90,0x00000000eb580000)
  to   space 2560K, 0% used [0x00000000eb080000,0x00000000eb080000,0x00000000eb300000)
 ParOldGen       total 339968K, used 339768K [0x00000000c0000000, 0x00000000d4c00000, 0x00000000eab00000)
  object space 339968K, 99% used [0x00000000c0000000,0x00000000d4bce198,0x00000000d4c00000)
 Metaspace       used 65915K, committed 67392K, reserved 1114112K
  class space    used 6932K, committed 7552K, reserved 1048576K
}
Event: 11.108 GC heap before
{Heap before GC invocations=264 (full 3):
 PSYoungGen      total 7168K, used 6849K [0x00000000eab00000, 0x00000000eb580000, 0x0000000100000000)
  eden space 5120K, 99% used [0x00000000eab00000,0x00000000eaffd790,0x00000000eb000000)
  from space 2048K, 84% used [0x00000000eb380000,0x00000000eb532c90,0x00000000eb580000)
  to   space 2560K, 0% used [0x00000000eb080000,0x00000000eb080000,0x00000000eb300000)
 ParOldGen       total 339968K, used 339768K [0x00000000c0000000, 0x00000000d4c00000, 0x00000000eab00000)
  object space 339968K, 99% used [0x00000000c0000000,0x00000000d4bce198,0x00000000d4c00000)
 Metaspace       used 65915K, committed 67392K, reserved 1114112K
  class space    used 6932K, committed 7552K, reserved 1048576K
}
Event: 11.111 GC heap after
{Heap after GC invocations=264 (full 3):
 PSYoungGen      total 8192K, used 2120K [0x00000000eab00000, 0x00000000eb600000, 0x0000000100000000)
  eden space 5632K, 0% used [0x00000000eab00000,0x00000000eab00000,0x00000000eb080000)
  from space 2560K, 82% used [0x00000000eb080000,0x00000000eb292318,0x00000000eb300000)
  to   space 2560K, 0% used [0x00000000eb380000,0x00000000eb380000,0x00000000eb600000)
 ParOldGen       total 341504K, used 341287K [0x00000000c0000000, 0x00000000d4d80000, 0x00000000eab00000)
  object space 341504K, 99% used [0x00000000c0000000,0x00000000d4d49c18,0x00000000d4d80000)
 Metaspace       used 65915K, committed 67392K, reserved 1114112K
  class space    used 6932K, committed 7552K, reserved 1048576K
}
Event: 11.139 GC heap before
{Heap before GC invocations=265 (full 3):
 PSYoungGen      total 8192K, used 7752K [0x00000000eab00000, 0x00000000eb600000, 0x0000000100000000)
  eden space 5632K, 100% used [0x00000000eab00000,0x00000000eb080000,0x00000000eb080000)
  from space 2560K, 82% used [0x00000000eb080000,0x00000000eb292318,0x00000000eb300000)
  to   space 2560K, 0% used [0x00000000eb380000,0x00000000eb380000,0x00000000eb600000)
 ParOldGen       total 341504K, used 341287K [0x00000000c0000000, 0x00000000d4d80000, 0x00000000eab00000)
  object space 341504K, 99% used [0x00000000c0000000,0x00000000d4d49c18,0x00000000d4d80000)
 Metaspace       used 65915K, committed 67392K, reserved 1114112K
  class space    used 6932K, committed 7552K, reserved 1048576K
}
Event: 11.142 GC heap after
{Heap after GC invocations=265 (full 3):
 PSYoungGen      total 8704K, used 2452K [0x00000000eab00000, 0x00000000eb700000, 0x0000000100000000)
  eden space 6144K, 0% used [0x00000000eab00000,0x00000000eab00000,0x00000000eb100000)
  from space 2560K, 95% used [0x00000000eb380000,0x00000000eb5e51c8,0x00000000eb600000)
  to   space 2560K, 0% used [0x00000000eb100000,0x00000000eb100000,0x00000000eb380000)
 ParOldGen       total 343552K, used 343208K [0x00000000c0000000, 0x00000000d4f80000, 0x00000000eab00000)
  object space 343552K, 99% used [0x00000000c0000000,0x00000000d4f2a2d0,0x00000000d4f80000)
 Metaspace       used 65915K, committed 67392K, reserved 1114112K
  class space    used 6932K, committed 7552K, reserved 1048576K
}
Event: 11.150 GC heap before
{Heap before GC invocations=266 (full 3):
 PSYoungGen      total 8704K, used 8596K [0x00000000eab00000, 0x00000000eb700000, 0x0000000100000000)
  eden space 6144K, 100% used [0x00000000eab00000,0x00000000eb100000,0x00000000eb100000)
  from space 2560K, 95% used [0x00000000eb380000,0x00000000eb5e51c8,0x00000000eb600000)
  to   space 2560K, 0% used [0x00000000eb100000,0x00000000eb100000,0x00000000eb380000)
 ParOldGen       total 343552K, used 343208K [0x00000000c0000000, 0x00000000d4f80000, 0x00000000eab00000)
  object space 343552K, 99% used [0x00000000c0000000,0x00000000d4f2a2d0,0x00000000d4f80000)
 Metaspace       used 65915K, committed 67392K, reserved 1114112K
  class space    used 6932K, committed 7552K, reserved 1048576K
}
Event: 11.154 GC heap after
{Heap after GC invocations=266 (full 3):
 PSYoungGen      total 8704K, used 2529K [0x00000000eab00000, 0x00000000eb780000, 0x0000000100000000)
  eden space 6144K, 0% used [0x00000000eab00000,0x00000000eab00000,0x00000000eb100000)
  from space 2560K, 98% used [0x00000000eb100000,0x00000000eb378458,0x00000000eb380000)
  to   space 2560K, 0% used [0x00000000eb500000,0x00000000eb500000,0x00000000eb780000)
 ParOldGen       total 345600K, used 345570K [0x00000000c0000000, 0x00000000d5180000, 0x00000000eab00000)
  object space 345600K, 99% used [0x00000000c0000000,0x00000000d5178b70,0x00000000d5180000)
 Metaspace       used 65915K, committed 67392K, reserved 1114112K
  class space    used 6932K, committed 7552K, reserved 1048576K
}
Event: 11.161 GC heap before
{Heap before GC invocations=267 (full 3):
 PSYoungGen      total 8704K, used 8673K [0x00000000eab00000, 0x00000000eb780000, 0x0000000100000000)
  eden space 6144K, 100% used [0x00000000eab00000,0x00000000eb100000,0x00000000eb100000)
  from space 2560K, 98% used [0x00000000eb100000,0x00000000eb378458,0x00000000eb380000)
  to   space 2560K, 0% used [0x00000000eb500000,0x00000000eb500000,0x00000000eb780000)
 ParOldGen       total 345600K, used 345570K [0x00000000c0000000, 0x00000000d5180000, 0x00000000eab00000)
  object space 345600K, 99% used [0x00000000c0000000,0x00000000d5178b70,0x00000000d5180000)
 Metaspace       used 65915K, committed 67392K, reserved 1114112K
  class space    used 6932K, committed 7552K, reserved 1048576K
}
Event: 11.166 GC heap after
{Heap after GC invocations=267 (full 3):
 PSYoungGen      total 10240K, used 2522K [0x00000000eab00000, 0x00000000eb780000, 0x0000000100000000)
  eden space 7680K, 0% used [0x00000000eab00000,0x00000000eab00000,0x00000000eb280000)
  from space 2560K, 98% used [0x00000000eb500000,0x00000000eb7769e8,0x00000000eb780000)
  to   space 2560K, 0% used [0x00000000eb280000,0x00000000eb280000,0x00000000eb500000)
 ParOldGen       total 348160K, used 348052K [0x00000000c0000000, 0x00000000d5400000, 0x00000000eab00000)
  object space 348160K, 99% used [0x00000000c0000000,0x00000000d53e5110,0x00000000d5400000)
 Metaspace       used 65915K, committed 67392K, reserved 1114112K
  class space    used 6932K, committed 7552K, reserved 1048576K
}
Event: 11.179 GC heap before
{Heap before GC invocations=268 (full 3):
 PSYoungGen      total 10240K, used 10202K [0x00000000eab00000, 0x00000000eb780000, 0x0000000100000000)
  eden space 7680K, 100% used [0x00000000eab00000,0x00000000eb280000,0x00000000eb280000)
  from space 2560K, 98% used [0x00000000eb500000,0x00000000eb7769e8,0x00000000eb780000)
  to   space 2560K, 0% used [0x00000000eb280000,0x00000000eb280000,0x00000000eb500000)
 ParOldGen       total 348160K, used 348052K [0x00000000c0000000, 0x00000000d5400000, 0x00000000eab00000)
  object space 348160K, 99% used [0x00000000c0000000,0x00000000d53e5110,0x00000000d5400000)
 Metaspace       used 65915K, committed 67392K, reserved 1114112K
  class space    used 6932K, committed 7552K, reserved 1048576K
}
Event: 11.183 GC heap after
{Heap after GC invocations=268 (full 3):
 PSYoungGen      total 10240K, used 2546K [0x00000000eab00000, 0x00000000ec000000, 0x0000000100000000)
  eden space 7680K, 0% used [0x00000000eab00000,0x00000000eab00000,0x00000000eb280000)
  from space 2560K, 99% used [0x00000000eb280000,0x00000000eb4fc9c8,0x00000000eb500000)
  to   space 6144K, 0% used [0x00000000eba00000,0x00000000eba00000,0x00000000ec000000)
 ParOldGen       total 351232K, used 350938K [0x00000000c0000000, 0x00000000d5700000, 0x00000000eab00000)
  object space 351232K, 99% used [0x00000000c0000000,0x00000000d56b6970,0x00000000d5700000)
 Metaspace       used 65915K, committed 67392K, reserved 1114112K
  class space    used 6932K, committed 7552K, reserved 1048576K
}
Event: 11.258 GC heap before
{Heap before GC invocations=269 (full 3):
 PSYoungGen      total 10240K, used 10226K [0x00000000eab00000, 0x00000000ec000000, 0x0000000100000000)
  eden space 7680K, 100% used [0x00000000eab00000,0x00000000eb280000,0x00000000eb280000)
  from space 2560K, 99% used [0x00000000eb280000,0x00000000eb4fc9c8,0x00000000eb500000)
  to   space 6144K, 0% used [0x00000000eba00000,0x00000000eba00000,0x00000000ec000000)
 ParOldGen       total 351232K, used 350938K [0x00000000c0000000, 0x00000000d5700000, 0x00000000eab00000)
  object space 351232K, 99% used [0x00000000c0000000,0x00000000d56b6970,0x00000000d5700000)
 Metaspace       used 65923K, committed 67392K, reserved 1114112K
  class space    used 6932K, committed 7552K, reserved 1048576K
}
Event: 11.264 GC heap after
{Heap after GC invocations=269 (full 3):
 PSYoungGen      total 12288K, used 2733K [0x00000000eab00000, 0x00000000ebd00000, 0x0000000100000000)
  eden space 9216K, 0% used [0x00000000eab00000,0x00000000eab00000,0x00000000eb400000)
  from space 3072K, 88% used [0x00000000eba00000,0x00000000ebcab418,0x00000000ebd00000)
  to   space 4096K, 0% used [0x00000000eb500000,0x00000000eb500000,0x00000000eb900000)
 ParOldGen       total 353792K, used 353363K [0x00000000c0000000, 0x00000000d5980000, 0x00000000eab00000)
  object space 353792K, 99% used [0x00000000c0000000,0x00000000d5914c80,0x00000000d5980000)
 Metaspace       used 65923K, committed 67392K, reserved 1114112K
  class space    used 6932K, committed 7552K, reserved 1048576K
}
Event: 11.387 GC heap before
{Heap before GC invocations=270 (full 3):
 PSYoungGen      total 12288K, used 11949K [0x00000000eab00000, 0x00000000ebd00000, 0x0000000100000000)
  eden space 9216K, 100% used [0x00000000eab00000,0x00000000eb400000,0x00000000eb400000)
  from space 3072K, 88% used [0x00000000eba00000,0x00000000ebcab418,0x00000000ebd00000)
  to   space 4096K, 0% used [0x00000000eb500000,0x00000000eb500000,0x00000000eb900000)
 ParOldGen       total 353792K, used 353363K [0x00000000c0000000, 0x00000000d5980000, 0x00000000eab00000)
  object space 353792K, 99% used [0x00000000c0000000,0x00000000d5914c80,0x00000000d5980000)
 Metaspace       used 65927K, committed 67392K, reserved 1114112K
  class space    used 6933K, committed 7552K, reserved 1048576K
}
Event: 11.391 GC heap after
{Heap after GC invocations=270 (full 3):
 PSYoungGen      total 13312K, used 4081K [0x00000000eab00000, 0x00000000ec400000, 0x0000000100000000)
  eden space 9216K, 0% used [0x00000000eab00000,0x00000000eab00000,0x00000000eb400000)
  from space 4096K, 99% used [0x00000000eb500000,0x00000000eb8fc7d0,0x00000000eb900000)
  to   space 8192K, 0% used [0x00000000ebc00000,0x00000000ebc00000,0x00000000ec400000)
 ParOldGen       total 356352K, used 356266K [0x00000000c0000000, 0x00000000d5c00000, 0x00000000eab00000)
  object space 356352K, 99% used [0x00000000c0000000,0x00000000d5bea9b0,0x00000000d5c00000)
 Metaspace       used 65927K, committed 67392K, reserved 1114112K
  class space    used 6933K, committed 7552K, reserved 1048576K
}
Event: 11.546 GC heap before
{Heap before GC invocations=271 (full 3):
 PSYoungGen      total 13312K, used 13297K [0x00000000eab00000, 0x00000000ec400000, 0x0000000100000000)
  eden space 9216K, 100% used [0x00000000eab00000,0x00000000eb400000,0x00000000eb400000)
  from space 4096K, 99% used [0x00000000eb500000,0x00000000eb8fc7d0,0x00000000eb900000)
  to   space 8192K, 0% used [0x00000000ebc00000,0x00000000ebc00000,0x00000000ec400000)
 ParOldGen       total 356352K, used 356266K [0x00000000c0000000, 0x00000000d5c00000, 0x00000000eab00000)
  object space 356352K, 99% used [0x00000000c0000000,0x00000000d5bea9b0,0x00000000d5c00000)
 Metaspace       used 66080K, committed 67520K, reserved 1114112K
  class space    used 6940K, committed 7552K, reserved 1048576K
}
Event: 11.556 GC heap after
{Heap after GC invocations=271 (full 3):
 PSYoungGen      total 16384K, used 6809K [0x00000000eab00000, 0x00000000ec300000, 0x0000000100000000)
  eden space 9216K, 0% used [0x00000000eab00000,0x00000000eab00000,0x00000000eb400000)
  from space 7168K, 95% used [0x00000000ebc00000,0x00000000ec2a6700,0x00000000ec300000)
  to   space 7168K, 0% used [0x00000000eb500000,0x00000000eb500000,0x00000000ebc00000)
 ParOldGen       total 358400K, used 358381K [0x00000000c0000000, 0x00000000d5e00000, 0x00000000eab00000)
  object space 358400K, 99% used [0x00000000c0000000,0x00000000d5dfb428,0x00000000d5e00000)
 Metaspace       used 66080K, committed 67520K, reserved 1114112K
  class space    used 6940K, committed 7552K, reserved 1048576K
}

