# JRE version: OpenJDK Runtime Environment Temurin-21.0.5+11 (21.0.5+11) (build 21.0.5+11-LTS)
# Java VM: OpenJDK 64-Bit Server VM Temurin-21.0.5+11 (21.0.5+11-LTS, mixed mode, sharing, tiered, compressed oops, compressed class ptrs, parallel gc, windows-amd64)
GC Precious Log:
 CardTable entry size: 512
 CPUs: 12 total, 12 available
 Memory: 5981M
 Large Page Support: Disabled
 NUMA Support: Disabled
 Compressed Oops: Enabled (32-bit)
 Alignments: Space 512K, Generation 512K, Heap 2M
 Heap Min Capacity: 100M
 Heap Initial Capacity: 100M
 Heap Max Capacity: 1G
 Pre-touch: Disabled
 Parallel Workers: 10
Heap:
 PSYoungGen      total 8192K, used 7680K [0x00000000eab00000, 0x00000000eb480000, 0x0000000100000000)
  eden space 6656K, 100% used [0x00000000eab00000,0x00000000eb180000,0x00000000eb180000)
  from space 1536K, 66% used [0x00000000eb300000,0x00000000eb400000,0x00000000eb480000)
  to   space 1536K, 61% used [0x00000000eb180000,0x00000000eb26e008,0x00000000eb300000)
 ParOldGen       total 552960K, used 552756K [0x00000000c0000000, 0x00000000e1c00000, 0x00000000eab00000)
  object space 552960K, 99% used [0x00000000c0000000,0x00000000e1bcd1f0,0x00000000e1c00000)
 Metaspace       used 70457K, committed 71936K, reserved 1114112K
  class space    used 7319K, committed 8000K, reserved 1048576K
GC Heap History (20 events):
Event: 32.202 GC heap before
{Heap before GC invocations=1206 (full 4):
 PSYoungGen      total 9216K, used 9023K [0x00000000eab00000, 0x00000000eb580000, 0x0000000100000000)
  eden space 7680K, 100% used [0x00000000eab00000,0x00000000eb280000,0x00000000eb280000)
  from space 1536K, 87% used [0x00000000eb400000,0x00000000eb54fe10,0x00000000eb580000)
  to   space 1536K, 0% used [0x00000000eb280000,0x00000000eb280000,0x00000000eb400000)
 ParOldGen       total 544256K, used 544227K [0x00000000c0000000, 0x00000000e1380000, 0x00000000eab00000)
  object space 544256K, 99% used [0x00000000c0000000,0x00000000e1378c40,0x00000000e1380000)
 Metaspace       used 70456K, committed 71936K, reserved 1114112K
  class space    used 7319K, committed 8000K, reserved 1048576K
}
Event: 32.204 GC heap after
{Heap after GC invocations=1206 (full 4):
 PSYoungGen      total 8192K, used 352K [0x00000000eab00000, 0x00000000eb480000, 0x0000000100000000)
  eden space 7680K, 0% used [0x00000000eab00000,0x00000000eab00000,0x00000000eb280000)
  from space 512K, 68% used [0x00000000eb280000,0x00000000eb2d8000,0x00000000eb300000)
  to   space 1024K, 0% used [0x00000000eb380000,0x00000000eb380000,0x00000000eb480000)
 ParOldGen       total 544768K, used 544395K [0x00000000c0000000, 0x00000000e1400000, 0x00000000eab00000)
  object space 544768K, 99% used [0x00000000c0000000,0x00000000e13a2c40,0x00000000e1400000)
 Metaspace       used 70456K, committed 71936K, reserved 1114112K
  class space    used 7319K, committed 8000K, reserved 1048576K
}
Event: 32.221 GC heap before
{Heap before GC invocations=1207 (full 4):
 PSYoungGen      total 8192K, used 8032K [0x00000000eab00000, 0x00000000eb480000, 0x0000000100000000)
  eden space 7680K, 100% used [0x00000000eab00000,0x00000000eb280000,0x00000000eb280000)
  from space 512K, 68% used [0x00000000eb280000,0x00000000eb2d8000,0x00000000eb300000)
  to   space 1024K, 0% used [0x00000000eb380000,0x00000000eb380000,0x00000000eb480000)
 ParOldGen       total 544768K, used 544395K [0x00000000c0000000, 0x00000000e1400000, 0x00000000eab00000)
  object space 544768K, 99% used [0x00000000c0000000,0x00000000e13a2c40,0x00000000e1400000)
 Metaspace       used 70456K, committed 71936K, reserved 1114112K
  class space    used 7319K, committed 8000K, reserved 1048576K
}
Event: 32.223 GC heap after
{Heap after GC invocations=1207 (full 4):
 PSYoungGen      total 8192K, used 928K [0x00000000eab00000, 0x00000000eb580000, 0x0000000100000000)
  eden space 7168K, 0% used [0x00000000eab00000,0x00000000eab00000,0x00000000eb200000)
  from space 1024K, 90% used [0x00000000eb380000,0x00000000eb468000,0x00000000eb480000)
  to   space 1536K, 0% used [0x00000000eb200000,0x00000000eb200000,0x00000000eb380000)
 ParOldGen       total 544768K, used 544653K [0x00000000c0000000, 0x00000000e1400000, 0x00000000eab00000)
  object space 544768K, 99% used [0x00000000c0000000,0x00000000e13e37b0,0x00000000e1400000)
 Metaspace       used 70456K, committed 71936K, reserved 1114112K
  class space    used 7319K, committed 8000K, reserved 1048576K
}
Event: 32.260 GC heap before
{Heap before GC invocations=1208 (full 4):
 PSYoungGen      total 8192K, used 8096K [0x00000000eab00000, 0x00000000eb580000, 0x0000000100000000)
  eden space 7168K, 100% used [0x00000000eab00000,0x00000000eb200000,0x00000000eb200000)
  from space 1024K, 90% used [0x00000000eb380000,0x00000000eb468000,0x00000000eb480000)
  to   space 1536K, 0% used [0x00000000eb200000,0x00000000eb200000,0x00000000eb380000)
 ParOldGen       total 544768K, used 544653K [0x00000000c0000000, 0x00000000e1400000, 0x00000000eab00000)
  object space 544768K, 99% used [0x00000000c0000000,0x00000000e13e37b0,0x00000000e1400000)
 Metaspace       used 70457K, committed 71936K, reserved 1114112K
  class space    used 7319K, committed 8000K, reserved 1048576K
}
Event: 32.263 GC heap after
{Heap after GC invocations=1208 (full 4):
 PSYoungGen      total 8704K, used 1535K [0x00000000eab00000, 0x00000000eb800000, 0x0000000100000000)
  eden space 7168K, 0% used [0x00000000eab00000,0x00000000eab00000,0x00000000eb200000)
  from space 1536K, 99% used [0x00000000eb200000,0x00000000eb37fff0,0x00000000eb380000)
  to   space 3072K, 0% used [0x00000000eb500000,0x00000000eb500000,0x00000000eb800000)
 ParOldGen       total 545792K, used 545496K [0x00000000c0000000, 0x00000000e1500000, 0x00000000eab00000)
  object space 545792K, 99% used [0x00000000c0000000,0x00000000e14b63b8,0x00000000e1500000)
 Metaspace       used 70457K, committed 71936K, reserved 1114112K
  class space    used 7319K, committed 8000K, reserved 1048576K
}
Event: 32.276 GC heap before
{Heap before GC invocations=1209 (full 4):
 PSYoungGen      total 8704K, used 8665K [0x00000000eab00000, 0x00000000eb800000, 0x0000000100000000)
  eden space 7168K, 99% used [0x00000000eab00000,0x00000000eb1f6568,0x00000000eb200000)
  from space 1536K, 99% used [0x00000000eb200000,0x00000000eb37fff0,0x00000000eb380000)
  to   space 3072K, 0% used [0x00000000eb500000,0x00000000eb500000,0x00000000eb800000)
 ParOldGen       total 545792K, used 545496K [0x00000000c0000000, 0x00000000e1500000, 0x00000000eab00000)
  object space 545792K, 99% used [0x00000000c0000000,0x00000000e14b63b8,0x00000000e1500000)
 Metaspace       used 70457K, committed 71936K, reserved 1114112K
  class space    used 7319K, committed 8000K, reserved 1048576K
}
Event: 32.278 GC heap after
{Heap after GC invocations=1209 (full 4):
 PSYoungGen      total 8704K, used 1357K [0x00000000eab00000, 0x00000000eb680000, 0x0000000100000000)
  eden space 7168K, 0% used [0x00000000eab00000,0x00000000eab00000,0x00000000eb200000)
  from space 1536K, 88% used [0x00000000eb500000,0x00000000eb6534f8,0x00000000eb680000)
  to   space 2048K, 0% used [0x00000000eb280000,0x00000000eb280000,0x00000000eb480000)
 ParOldGen       total 546816K, used 546500K [0x00000000c0000000, 0x00000000e1600000, 0x00000000eab00000)
  object space 546816K, 99% used [0x00000000c0000000,0x00000000e15b13d0,0x00000000e1600000)
 Metaspace       used 70457K, committed 71936K, reserved 1114112K
  class space    used 7319K, committed 8000K, reserved 1048576K
}
Event: 32.293 GC heap before
{Heap before GC invocations=1210 (full 4):
 PSYoungGen      total 8704K, used 8525K [0x00000000eab00000, 0x00000000eb680000, 0x0000000100000000)
  eden space 7168K, 100% used [0x00000000eab00000,0x00000000eb200000,0x00000000eb200000)
  from space 1536K, 88% used [0x00000000eb500000,0x00000000eb6534f8,0x00000000eb680000)
  to   space 2048K, 0% used [0x00000000eb280000,0x00000000eb280000,0x00000000eb480000)
 ParOldGen       total 546816K, used 546500K [0x00000000c0000000, 0x00000000e1600000, 0x00000000eab00000)
  object space 546816K, 99% used [0x00000000c0000000,0x00000000e15b13d0,0x00000000e1600000)
 Metaspace       used 70457K, committed 71936K, reserved 1114112K
  class space    used 7319K, committed 8000K, reserved 1048576K
}
Event: 32.295 GC heap after
{Heap after GC invocations=1210 (full 4):
 PSYoungGen      total 8704K, used 1088K [0x00000000eab00000, 0x00000000eb580000, 0x0000000100000000)
  eden space 7168K, 0% used [0x00000000eab00000,0x00000000eab00000,0x00000000eb200000)
  from space 1536K, 70% used [0x00000000eb280000,0x00000000eb390000,0x00000000eb400000)
  to   space 1536K, 0% used [0x00000000eb400000,0x00000000eb400000,0x00000000eb580000)
 ParOldGen       total 547840K, used 547538K [0x00000000c0000000, 0x00000000e1700000, 0x00000000eab00000)
  object space 547840K, 99% used [0x00000000c0000000,0x00000000e16b4bd8,0x00000000e1700000)
 Metaspace       used 70457K, committed 71936K, reserved 1114112K
  class space    used 7319K, committed 8000K, reserved 1048576K
}
Event: 32.312 GC heap before
{Heap before GC invocations=1211 (full 4):
 PSYoungGen      total 8704K, used 8256K [0x00000000eab00000, 0x00000000eb580000, 0x0000000100000000)
  eden space 7168K, 100% used [0x00000000eab00000,0x00000000eb200000,0x00000000eb200000)
  from space 1536K, 70% used [0x00000000eb280000,0x00000000eb390000,0x00000000eb400000)
  to   space 1536K, 0% used [0x00000000eb400000,0x00000000eb400000,0x00000000eb580000)
 ParOldGen       total 547840K, used 547538K [0x00000000c0000000, 0x00000000e1700000, 0x00000000eab00000)
  object space 547840K, 99% used [0x00000000c0000000,0x00000000e16b4bd8,0x00000000e1700000)
 Metaspace       used 70457K, committed 71936K, reserved 1114112K
  class space    used 7319K, committed 8000K, reserved 1048576K
}
Event: 32.314 GC heap after
{Heap after GC invocations=1211 (full 4):
 PSYoungGen      total 8704K, used 1117K [0x00000000eab00000, 0x00000000eb580000, 0x0000000100000000)
  eden space 7168K, 0% used [0x00000000eab00000,0x00000000eab00000,0x00000000eb200000)
  from space 1536K, 72% used [0x00000000eb400000,0x00000000eb517558,0x00000000eb580000)
  to   space 1536K, 0% used [0x00000000eb280000,0x00000000eb280000,0x00000000eb400000)
 ParOldGen       total 548864K, used 548458K [0x00000000c0000000, 0x00000000e1800000, 0x00000000eab00000)
  object space 548864K, 99% used [0x00000000c0000000,0x00000000e179abd8,0x00000000e1800000)
 Metaspace       used 70457K, committed 71936K, reserved 1114112K
  class space    used 7319K, committed 8000K, reserved 1048576K
}
Event: 32.327 GC heap before
{Heap before GC invocations=1212 (full 4):
 PSYoungGen      total 8704K, used 8285K [0x00000000eab00000, 0x00000000eb580000, 0x0000000100000000)
  eden space 7168K, 100% used [0x00000000eab00000,0x00000000eb200000,0x00000000eb200000)
  from space 1536K, 72% used [0x00000000eb400000,0x00000000eb517558,0x00000000eb580000)
  to   space 1536K, 0% used [0x00000000eb280000,0x00000000eb280000,0x00000000eb400000)
 ParOldGen       total 548864K, used 548458K [0x00000000c0000000, 0x00000000e1800000, 0x00000000eab00000)
  object space 548864K, 99% used [0x00000000c0000000,0x00000000e179abd8,0x00000000e1800000)
 Metaspace       used 70457K, committed 71936K, reserved 1114112K
  class space    used 7319K, committed 8000K, reserved 1048576K
}
Event: 32.329 GC heap after
{Heap after GC invocations=1212 (full 4):
 PSYoungGen      total 8704K, used 1056K [0x00000000eab00000, 0x00000000eb500000, 0x0000000100000000)
  eden space 7168K, 0% used [0x00000000eab00000,0x00000000eab00000,0x00000000eb200000)
  from space 1536K, 68% used [0x00000000eb280000,0x00000000eb388000,0x00000000eb400000)
  to   space 1024K, 0% used [0x00000000eb400000,0x00000000eb400000,0x00000000eb500000)
 ParOldGen       total 549888K, used 549414K [0x00000000c0000000, 0x00000000e1900000, 0x00000000eab00000)
  object space 549888K, 99% used [0x00000000c0000000,0x00000000e1889be0,0x00000000e1900000)
 Metaspace       used 70457K, committed 71936K, reserved 1114112K
  class space    used 7319K, committed 8000K, reserved 1048576K
}
Event: 32.343 GC heap before
{Heap before GC invocations=1213 (full 4):
 PSYoungGen      total 8704K, used 8224K [0x00000000eab00000, 0x00000000eb500000, 0x0000000100000000)
  eden space 7168K, 100% used [0x00000000eab00000,0x00000000eb200000,0x00000000eb200000)
  from space 1536K, 68% used [0x00000000eb280000,0x00000000eb388000,0x00000000eb400000)
  to   space 1024K, 0% used [0x00000000eb400000,0x00000000eb400000,0x00000000eb500000)
 ParOldGen       total 549888K, used 549414K [0x00000000c0000000, 0x00000000e1900000, 0x00000000eab00000)
  object space 549888K, 99% used [0x00000000c0000000,0x00000000e1889be0,0x00000000e1900000)
 Metaspace       used 70457K, committed 71936K, reserved 1114112K
  class space    used 7319K, committed 8000K, reserved 1048576K
}
Event: 32.346 GC heap after
{Heap after GC invocations=1213 (full 4):
 PSYoungGen      total 7680K, used 1024K [0x00000000eab00000, 0x00000000eb700000, 0x0000000100000000)
  eden space 6656K, 0% used [0x00000000eab00000,0x00000000eab00000,0x00000000eb180000)
  from space 1024K, 100% used [0x00000000eb400000,0x00000000eb500000,0x00000000eb500000)
  to   space 2560K, 0% used [0x00000000eb180000,0x00000000eb180000,0x00000000eb400000)
 ParOldGen       total 550400K, used 550358K [0x00000000c0000000, 0x00000000e1980000, 0x00000000eab00000)
  object space 550400K, 99% used [0x00000000c0000000,0x00000000e1975be0,0x00000000e1980000)
 Metaspace       used 70457K, committed 71936K, reserved 1114112K
  class space    used 7319K, committed 8000K, reserved 1048576K
}
Event: 32.360 GC heap before
{Heap before GC invocations=1214 (full 4):
 PSYoungGen      total 7680K, used 7680K [0x00000000eab00000, 0x00000000eb700000, 0x0000000100000000)
  eden space 6656K, 100% used [0x00000000eab00000,0x00000000eb180000,0x00000000eb180000)
  from space 1024K, 100% used [0x00000000eb400000,0x00000000eb500000,0x00000000eb500000)
  to   space 2560K, 0% used [0x00000000eb180000,0x00000000eb180000,0x00000000eb400000)
 ParOldGen       total 550400K, used 550358K [0x00000000c0000000, 0x00000000e1980000, 0x00000000eab00000)
  object space 550400K, 99% used [0x00000000c0000000,0x00000000e1975be0,0x00000000e1980000)
 Metaspace       used 70457K, committed 71936K, reserved 1114112K
  class space    used 7319K, committed 8000K, reserved 1048576K
}
Event: 32.362 GC heap after
{Heap after GC invocations=1214 (full 4):
 PSYoungGen      total 7680K, used 928K [0x00000000eab00000, 0x00000000eb480000, 0x0000000100000000)
  eden space 6656K, 0% used [0x00000000eab00000,0x00000000eab00000,0x00000000eb180000)
  from space 1024K, 90% used [0x00000000eb180000,0x00000000eb268000,0x00000000eb280000)
  to   space 1536K, 0% used [0x00000000eb300000,0x00000000eb300000,0x00000000eb480000)
 ParOldGen       total 551424K, used 551278K [0x00000000c0000000, 0x00000000e1a80000, 0x00000000eab00000)
  object space 551424K, 99% used [0x00000000c0000000,0x00000000e1a5bbe0,0x00000000e1a80000)
 Metaspace       used 70457K, committed 71936K, reserved 1114112K
  class space    used 7319K, committed 8000K, reserved 1048576K
}
Event: 32.374 GC heap before
{Heap before GC invocations=1215 (full 4):
 PSYoungGen      total 7680K, used 7576K [0x00000000eab00000, 0x00000000eb480000, 0x0000000100000000)
  eden space 6656K, 99% used [0x00000000eab00000,0x00000000eb17e080,0x00000000eb180000)
  from space 1024K, 90% used [0x00000000eb180000,0x00000000eb268000,0x00000000eb280000)
  to   space 1536K, 0% used [0x00000000eb300000,0x00000000eb300000,0x00000000eb480000)
 ParOldGen       total 551424K, used 551278K [0x00000000c0000000, 0x00000000e1a80000, 0x00000000eab00000)
  object space 551424K, 99% used [0x00000000c0000000,0x00000000e1a5bbe0,0x00000000e1a80000)
 Metaspace       used 70457K, committed 71936K, reserved 1114112K
  class space    used 7319K, committed 8000K, reserved 1048576K
}
Event: 32.376 GC heap after
{Heap after GC invocations=1215 (full 4):
 PSYoungGen      total 8192K, used 1024K [0x00000000eab00000, 0x00000000eb480000, 0x0000000100000000)
  eden space 6656K, 0% used [0x00000000eab00000,0x00000000eab00000,0x00000000eb180000)
  from space 1536K, 66% used [0x00000000eb300000,0x00000000eb400000,0x00000000eb480000)
  to   space 1536K, 0% used [0x00000000eb180000,0x00000000eb180000,0x00000000eb300000)
 ParOldGen       total 552448K, used 552124K [0x00000000c0000000, 0x00000000e1b80000, 0x00000000eab00000)
  object space 552448K, 99% used [0x00000000c0000000,0x00000000e1b2f1f0,0x00000000e1b80000)
 Metaspace       used 70457K, committed 71936K, reserved 1114112K
  class space    used 7319K, committed 8000K, reserved 1048576K
}

