# JRE version: OpenJDK Runtime Environment Temurin-21.0.5+11 (21.0.5+11) (build 21.0.5+11-LTS)
# Java VM: OpenJDK 64-Bit Server VM Temurin-21.0.5+11 (21.0.5+11-LTS, mixed mode, sharing, tiered, compressed oops, compressed class ptrs, parallel gc, windows-amd64)
GC Precious Log:
 CardTable entry size: 512
 CPUs: 12 total, 12 available
 Memory: 5981M
 Large Page Support: Disabled
 NUMA Support: Disabled
 Compressed Oops: Enabled (32-bit)
 Alignments: Space 512K, Generation 512K, Heap 2M
 Heap Min Capacity: 100M
 Heap Initial Capacity: 100M
 Heap Max Capacity: 1G
 Pre-touch: Disabled
 Parallel Workers: 10
Heap:
 PSYoungGen      total 13824K, used 10917K [0x00000000eab00000, 0x00000000ebc00000, 0x0000000100000000)
  eden space 11264K, 77% used [0x00000000eab00000,0x00000000eb379498,0x00000000eb600000)
  from space 2560K, 87% used [0x00000000eb980000,0x00000000ebbb0000,0x00000000ebc00000)
  to   space 2560K, 0% used [0x00000000eb700000,0x00000000eb700000,0x00000000eb980000)
 ParOldGen       total 220672K, used 220650K [0x00000000c0000000, 0x00000000cd780000, 0x00000000eab00000)
  object space 220672K, 99% used [0x00000000c0000000,0x00000000cd77aa38,0x00000000cd780000)
 Metaspace       used 55607K, committed 56960K, reserved 1114112K
  class space    used 5808K, committed 6400K, reserved 1048576K
GC Heap History (20 events):
Event: 7.701 GC heap before
{Heap before GC invocations=100 (full 2):
 PSYoungGen      total 6144K, used 5886K [0x00000000eab00000, 0x00000000eb380000, 0x0000000100000000)
  eden space 5120K, 99% used [0x00000000eab00000,0x00000000eafff938,0x00000000eb000000)
  from space 1024K, 75% used [0x00000000eb000000,0x00000000eb0c0000,0x00000000eb100000)
  to   space 1536K, 0% used [0x00000000eb200000,0x00000000eb200000,0x00000000eb380000)
 ParOldGen       total 209408K, used 208946K [0x00000000c0000000, 0x00000000ccc80000, 0x00000000eab00000)
  object space 209408K, 99% used [0x00000000c0000000,0x00000000ccc0c888,0x00000000ccc80000)
 Metaspace       used 55357K, committed 56704K, reserved 1114112K
  class space    used 5806K, committed 6400K, reserved 1048576K
}
Event: 7.702 GC heap after
{Heap after GC invocations=100 (full 2):
 PSYoungGen      total 6656K, used 1454K [0x00000000eab00000, 0x00000000eb400000, 0x0000000100000000)
  eden space 5120K, 0% used [0x00000000eab00000,0x00000000eab00000,0x00000000eb000000)
  from space 1536K, 94% used [0x00000000eb200000,0x00000000eb36b888,0x00000000eb380000)
  to   space 2048K, 0% used [0x00000000eb000000,0x00000000eb000000,0x00000000eb200000)
 ParOldGen       total 209920K, used 209559K [0x00000000c0000000, 0x00000000ccd00000, 0x00000000eab00000)
  object space 209920K, 99% used [0x00000000c0000000,0x00000000ccca5e60,0x00000000ccd00000)
 Metaspace       used 55357K, committed 56704K, reserved 1114112K
  class space    used 5806K, committed 6400K, reserved 1048576K
}
Event: 7.710 GC heap before
{Heap before GC invocations=101 (full 2):
 PSYoungGen      total 6656K, used 6574K [0x00000000eab00000, 0x00000000eb400000, 0x0000000100000000)
  eden space 5120K, 100% used [0x00000000eab00000,0x00000000eb000000,0x00000000eb000000)
  from space 1536K, 94% used [0x00000000eb200000,0x00000000eb36b888,0x00000000eb380000)
  to   space 2048K, 0% used [0x00000000eb000000,0x00000000eb000000,0x00000000eb200000)
 ParOldGen       total 209920K, used 209559K [0x00000000c0000000, 0x00000000ccd00000, 0x00000000eab00000)
  object space 209920K, 99% used [0x00000000c0000000,0x00000000ccca5e60,0x00000000ccd00000)
 Metaspace       used 55361K, committed 56704K, reserved 1114112K
  class space    used 5806K, committed 6400K, reserved 1048576K
}
Event: 7.712 GC heap after
{Heap after GC invocations=101 (full 2):
 PSYoungGen      total 7168K, used 2028K [0x00000000eab00000, 0x00000000eb600000, 0x0000000100000000)
  eden space 5120K, 0% used [0x00000000eab00000,0x00000000eab00000,0x00000000eb000000)
  from space 2048K, 99% used [0x00000000eb000000,0x00000000eb1fb0f0,0x00000000eb200000)
  to   space 3072K, 0% used [0x00000000eb300000,0x00000000eb300000,0x00000000eb600000)
 ParOldGen       total 210432K, used 210105K [0x00000000c0000000, 0x00000000ccd80000, 0x00000000eab00000)
  object space 210432K, 99% used [0x00000000c0000000,0x00000000ccd2e5c8,0x00000000ccd80000)
 Metaspace       used 55361K, committed 56704K, reserved 1114112K
  class space    used 5806K, committed 6400K, reserved 1048576K
}
Event: 7.719 GC heap before
{Heap before GC invocations=102 (full 2):
 PSYoungGen      total 7168K, used 7148K [0x00000000eab00000, 0x00000000eb600000, 0x0000000100000000)
  eden space 5120K, 100% used [0x00000000eab00000,0x00000000eb000000,0x00000000eb000000)
  from space 2048K, 99% used [0x00000000eb000000,0x00000000eb1fb0f0,0x00000000eb200000)
  to   space 3072K, 0% used [0x00000000eb300000,0x00000000eb300000,0x00000000eb600000)
 ParOldGen       total 210432K, used 210105K [0x00000000c0000000, 0x00000000ccd80000, 0x00000000eab00000)
  object space 210432K, 99% used [0x00000000c0000000,0x00000000ccd2e5c8,0x00000000ccd80000)
 Metaspace       used 55410K, committed 56768K, reserved 1114112K
  class space    used 5806K, committed 6400K, reserved 1048576K
}
Event: 7.722 GC heap after
{Heap after GC invocations=102 (full 2):
 PSYoungGen      total 8192K, used 1636K [0x00000000eab00000, 0x00000000eb500000, 0x0000000100000000)
  eden space 6144K, 0% used [0x00000000eab00000,0x00000000eab00000,0x00000000eb100000)
  from space 2048K, 79% used [0x00000000eb300000,0x00000000eb499050,0x00000000eb500000)
  to   space 2048K, 0% used [0x00000000eb100000,0x00000000eb100000,0x00000000eb300000)
 ParOldGen       total 212480K, used 212097K [0x00000000c0000000, 0x00000000ccf80000, 0x00000000eab00000)
  object space 212480K, 99% used [0x00000000c0000000,0x00000000ccf20598,0x00000000ccf80000)
 Metaspace       used 55410K, committed 56768K, reserved 1114112K
  class space    used 5806K, committed 6400K, reserved 1048576K
}
Event: 7.732 GC heap before
{Heap before GC invocations=103 (full 2):
 PSYoungGen      total 8192K, used 7780K [0x00000000eab00000, 0x00000000eb500000, 0x0000000100000000)
  eden space 6144K, 100% used [0x00000000eab00000,0x00000000eb100000,0x00000000eb100000)
  from space 2048K, 79% used [0x00000000eb300000,0x00000000eb499050,0x00000000eb500000)
  to   space 2048K, 0% used [0x00000000eb100000,0x00000000eb100000,0x00000000eb300000)
 ParOldGen       total 212480K, used 212097K [0x00000000c0000000, 0x00000000ccf80000, 0x00000000eab00000)
  object space 212480K, 99% used [0x00000000c0000000,0x00000000ccf20598,0x00000000ccf80000)
 Metaspace       used 55410K, committed 56768K, reserved 1114112K
  class space    used 5806K, committed 6400K, reserved 1048576K
}
Event: 7.734 GC heap after
{Heap after GC invocations=103 (full 2):
 PSYoungGen      total 8192K, used 1466K [0x00000000eab00000, 0x00000000eb680000, 0x0000000100000000)
  eden space 6144K, 0% used [0x00000000eab00000,0x00000000eab00000,0x00000000eb100000)
  from space 2048K, 71% used [0x00000000eb100000,0x00000000eb26eba0,0x00000000eb300000)
  to   space 2048K, 0% used [0x00000000eb480000,0x00000000eb480000,0x00000000eb680000)
 ParOldGen       total 213504K, used 213089K [0x00000000c0000000, 0x00000000cd080000, 0x00000000eab00000)
  object space 213504K, 99% used [0x00000000c0000000,0x00000000cd0185d8,0x00000000cd080000)
 Metaspace       used 55410K, committed 56768K, reserved 1114112K
  class space    used 5806K, committed 6400K, reserved 1048576K
}
Event: 7.743 GC heap before
{Heap before GC invocations=104 (full 2):
 PSYoungGen      total 8192K, used 7610K [0x00000000eab00000, 0x00000000eb680000, 0x0000000100000000)
  eden space 6144K, 100% used [0x00000000eab00000,0x00000000eb100000,0x00000000eb100000)
  from space 2048K, 71% used [0x00000000eb100000,0x00000000eb26eba0,0x00000000eb300000)
  to   space 2048K, 0% used [0x00000000eb480000,0x00000000eb480000,0x00000000eb680000)
 ParOldGen       total 213504K, used 213089K [0x00000000c0000000, 0x00000000cd080000, 0x00000000eab00000)
  object space 213504K, 99% used [0x00000000c0000000,0x00000000cd0185d8,0x00000000cd080000)
 Metaspace       used 55410K, committed 56768K, reserved 1114112K
  class space    used 5806K, committed 6400K, reserved 1048576K
}
Event: 7.746 GC heap after
{Heap after GC invocations=104 (full 2):
 PSYoungGen      total 9728K, used 1536K [0x00000000eab00000, 0x00000000eb680000, 0x0000000100000000)
  eden space 7680K, 0% used [0x00000000eab00000,0x00000000eab00000,0x00000000eb280000)
  from space 2048K, 75% used [0x00000000eb480000,0x00000000eb600000,0x00000000eb680000)
  to   space 2048K, 0% used [0x00000000eb280000,0x00000000eb280000,0x00000000eb480000)
 ParOldGen       total 214528K, used 214219K [0x00000000c0000000, 0x00000000cd180000, 0x00000000eab00000)
  object space 214528K, 99% used [0x00000000c0000000,0x00000000cd132d58,0x00000000cd180000)
 Metaspace       used 55410K, committed 56768K, reserved 1114112K
  class space    used 5806K, committed 6400K, reserved 1048576K
}
Event: 7.760 GC heap before
{Heap before GC invocations=105 (full 2):
 PSYoungGen      total 9728K, used 9216K [0x00000000eab00000, 0x00000000eb680000, 0x0000000100000000)
  eden space 7680K, 100% used [0x00000000eab00000,0x00000000eb280000,0x00000000eb280000)
  from space 2048K, 75% used [0x00000000eb480000,0x00000000eb600000,0x00000000eb680000)
  to   space 2048K, 0% used [0x00000000eb280000,0x00000000eb280000,0x00000000eb480000)
 ParOldGen       total 214528K, used 214219K [0x00000000c0000000, 0x00000000cd180000, 0x00000000eab00000)
  object space 214528K, 99% used [0x00000000c0000000,0x00000000cd132d58,0x00000000cd180000)
 Metaspace       used 55425K, committed 56768K, reserved 1114112K
  class space    used 5806K, committed 6400K, reserved 1048576K
}
Event: 7.765 GC heap after
{Heap after GC invocations=105 (full 2):
 PSYoungGen      total 9728K, used 1010K [0x00000000eab00000, 0x00000000eb700000, 0x0000000100000000)
  eden space 7680K, 0% used [0x00000000eab00000,0x00000000eab00000,0x00000000eb280000)
  from space 2048K, 49% used [0x00000000eb280000,0x00000000eb37c948,0x00000000eb480000)
  to   space 1536K, 0% used [0x00000000eb580000,0x00000000eb580000,0x00000000eb700000)
 ParOldGen       total 215552K, used 215437K [0x00000000c0000000, 0x00000000cd280000, 0x00000000eab00000)
  object space 215552K, 99% used [0x00000000c0000000,0x00000000cd2635c8,0x00000000cd280000)
 Metaspace       used 55425K, committed 56768K, reserved 1114112K
  class space    used 5806K, committed 6400K, reserved 1048576K
}
Event: 7.784 GC heap before
{Heap before GC invocations=106 (full 2):
 PSYoungGen      total 9728K, used 8690K [0x00000000eab00000, 0x00000000eb700000, 0x0000000100000000)
  eden space 7680K, 100% used [0x00000000eab00000,0x00000000eb280000,0x00000000eb280000)
  from space 2048K, 49% used [0x00000000eb280000,0x00000000eb37c948,0x00000000eb480000)
  to   space 1536K, 0% used [0x00000000eb580000,0x00000000eb580000,0x00000000eb700000)
 ParOldGen       total 215552K, used 215437K [0x00000000c0000000, 0x00000000cd280000, 0x00000000eab00000)
  object space 215552K, 99% used [0x00000000c0000000,0x00000000cd2635c8,0x00000000cd280000)
 Metaspace       used 55452K, committed 56768K, reserved 1114112K
  class space    used 5807K, committed 6400K, reserved 1048576K
}
Event: 7.790 GC heap after
{Heap after GC invocations=106 (full 2):
 PSYoungGen      total 10752K, used 1168K [0x00000000eab00000, 0x00000000eb700000, 0x0000000100000000)
  eden space 9216K, 0% used [0x00000000eab00000,0x00000000eab00000,0x00000000eb400000)
  from space 1536K, 76% used [0x00000000eb580000,0x00000000eb6a40b0,0x00000000eb700000)
  to   space 1536K, 0% used [0x00000000eb400000,0x00000000eb400000,0x00000000eb580000)
 ParOldGen       total 216576K, used 216281K [0x00000000c0000000, 0x00000000cd380000, 0x00000000eab00000)
  object space 216576K, 99% used [0x00000000c0000000,0x00000000cd336690,0x00000000cd380000)
 Metaspace       used 55452K, committed 56768K, reserved 1114112K
  class space    used 5807K, committed 6400K, reserved 1048576K
}
Event: 7.821 GC heap before
{Heap before GC invocations=107 (full 2):
 PSYoungGen      total 10752K, used 10384K [0x00000000eab00000, 0x00000000eb700000, 0x0000000100000000)
  eden space 9216K, 99% used [0x00000000eab00000,0x00000000eb3ffff8,0x00000000eb400000)
  from space 1536K, 76% used [0x00000000eb580000,0x00000000eb6a40b0,0x00000000eb700000)
  to   space 1536K, 0% used [0x00000000eb400000,0x00000000eb400000,0x00000000eb580000)
 ParOldGen       total 216576K, used 216281K [0x00000000c0000000, 0x00000000cd380000, 0x00000000eab00000)
  object space 216576K, 99% used [0x00000000c0000000,0x00000000cd336690,0x00000000cd380000)
 Metaspace       used 55468K, committed 56768K, reserved 1114112K
  class space    used 5807K, committed 6400K, reserved 1048576K
}
Event: 7.829 GC heap after
{Heap after GC invocations=107 (full 2):
 PSYoungGen      total 10752K, used 1335K [0x00000000eab00000, 0x00000000eb900000, 0x0000000100000000)
  eden space 9216K, 0% used [0x00000000eab00000,0x00000000eab00000,0x00000000eb400000)
  from space 1536K, 86% used [0x00000000eb400000,0x00000000eb54dda8,0x00000000eb580000)
  to   space 1536K, 0% used [0x00000000eb780000,0x00000000eb780000,0x00000000eb900000)
 ParOldGen       total 217600K, used 217124K [0x00000000c0000000, 0x00000000cd480000, 0x00000000eab00000)
  object space 217600K, 99% used [0x00000000c0000000,0x00000000cd4091f8,0x00000000cd480000)
 Metaspace       used 55468K, committed 56768K, reserved 1114112K
  class space    used 5807K, committed 6400K, reserved 1048576K
}
Event: 7.847 GC heap before
{Heap before GC invocations=108 (full 2):
 PSYoungGen      total 10752K, used 10551K [0x00000000eab00000, 0x00000000eb900000, 0x0000000100000000)
  eden space 9216K, 100% used [0x00000000eab00000,0x00000000eb400000,0x00000000eb400000)
  from space 1536K, 86% used [0x00000000eb400000,0x00000000eb54dda8,0x00000000eb580000)
  to   space 1536K, 0% used [0x00000000eb780000,0x00000000eb780000,0x00000000eb900000)
 ParOldGen       total 217600K, used 217124K [0x00000000c0000000, 0x00000000cd480000, 0x00000000eab00000)
  object space 217600K, 99% used [0x00000000c0000000,0x00000000cd4091f8,0x00000000cd480000)
 Metaspace       used 55496K, committed 56896K, reserved 1114112K
  class space    used 5808K, committed 6400K, reserved 1048576K
}
Event: 7.851 GC heap after
{Heap after GC invocations=108 (full 2):
 PSYoungGen      total 12800K, used 1437K [0x00000000eab00000, 0x00000000eb900000, 0x0000000100000000)
  eden space 11264K, 0% used [0x00000000eab00000,0x00000000eab00000,0x00000000eb600000)
  from space 1536K, 93% used [0x00000000eb780000,0x00000000eb8e7788,0x00000000eb900000)
  to   space 1536K, 0% used [0x00000000eb600000,0x00000000eb600000,0x00000000eb780000)
 ParOldGen       total 218112K, used 218093K [0x00000000c0000000, 0x00000000cd500000, 0x00000000eab00000)
  object space 218112K, 99% used [0x00000000c0000000,0x00000000cd4fb798,0x00000000cd500000)
 Metaspace       used 55496K, committed 56896K, reserved 1114112K
  class space    used 5808K, committed 6400K, reserved 1048576K
}
Event: 7.883 GC heap before
{Heap before GC invocations=109 (full 2):
 PSYoungGen      total 12800K, used 12701K [0x00000000eab00000, 0x00000000eb900000, 0x0000000100000000)
  eden space 11264K, 100% used [0x00000000eab00000,0x00000000eb600000,0x00000000eb600000)
  from space 1536K, 93% used [0x00000000eb780000,0x00000000eb8e7788,0x00000000eb900000)
  to   space 1536K, 0% used [0x00000000eb600000,0x00000000eb600000,0x00000000eb780000)
 ParOldGen       total 218112K, used 218093K [0x00000000c0000000, 0x00000000cd500000, 0x00000000eab00000)
  object space 218112K, 99% used [0x00000000c0000000,0x00000000cd4fb798,0x00000000cd500000)
 Metaspace       used 55518K, committed 56896K, reserved 1114112K
  class space    used 5808K, committed 6400K, reserved 1048576K
}
Event: 7.887 GC heap after
{Heap after GC invocations=109 (full 2):
 PSYoungGen      total 12800K, used 1536K [0x00000000eab00000, 0x00000000ebd00000, 0x0000000100000000)
  eden space 11264K, 0% used [0x00000000eab00000,0x00000000eab00000,0x00000000eb600000)
  from space 1536K, 100% used [0x00000000eb600000,0x00000000eb780000,0x00000000eb780000)
  to   space 3584K, 0% used [0x00000000eb980000,0x00000000eb980000,0x00000000ebd00000)
 ParOldGen       total 219648K, used 219559K [0x00000000c0000000, 0x00000000cd680000, 0x00000000eab00000)
  object space 219648K, 99% used [0x00000000c0000000,0x00000000cd669f98,0x00000000cd680000)
 Metaspace       used 55518K, committed 56896K, reserved 1114112K
  class space    used 5808K, committed 6400K, reserved 1048576K
}

