# JRE version: OpenJDK Runtime Environment Temurin-21.0.5+11 (21.0.5+11) (build 21.0.5+11-LTS)
# Java VM: OpenJDK 64-Bit Server VM Temurin-21.0.5+11 (21.0.5+11-LTS, mixed mode, sharing, tiered, compressed oops, compressed class ptrs, parallel gc, windows-amd64)
GC Precious Log:
 CardTable entry size: 512
 CPUs: 12 total, 12 available
 Memory: 5981M
 Large Page Support: Disabled
 NUMA Support: Disabled
 Compressed Oops: Enabled (32-bit)
 Alignments: Space 512K, Generation 512K, Heap 2M
 Heap Min Capacity: 100M
 Heap Initial Capacity: 100M
 Heap Max Capacity: 1G
 Pre-touch: Disabled
 Parallel Workers: 10
Heap:
 PSYoungGen      total 3072K, used 1856K [0x00000000eab00000, 0x00000000eaf00000, 0x0000000100000000)
  eden space 2560K, 55% used [0x00000000eab00000,0x00000000eac60350,0x00000000ead80000)
  from space 512K, 87% used [0x00000000eae80000,0x00000000eaef0000,0x00000000eaf00000)
  to   space 512K, 0% used [0x00000000eae00000,0x00000000eae00000,0x00000000eae80000)
 ParOldGen       total 467968K, used 179347K [0x00000000c0000000, 0x00000000dc900000, 0x00000000eab00000)
  object space 467968K, 38% used [0x00000000c0000000,0x00000000caf24e88,0x00000000dc900000)
 Metaspace       used 59064K, committed 60480K, reserved 1114112K
  class space    used 6145K, committed 6720K, reserved 1048576K
GC Heap History (20 events):
Event: 17.987 GC heap before
{Heap before GC invocations=329 (full 2):
 PSYoungGen      total 3584K, used 3551K [0x00000000eab00000, 0x00000000eb080000, 0x0000000100000000)
  eden space 2560K, 99% used [0x00000000eab00000,0x00000000ead7fff8,0x00000000ead80000)
  from space 1024K, 96% used [0x00000000eaf80000,0x00000000eb078000,0x00000000eb080000)
  to   space 1536K, 0% used [0x00000000ead80000,0x00000000ead80000,0x00000000eaf00000)
 ParOldGen       total 466432K, used 466023K [0x00000000c0000000, 0x00000000dc780000, 0x00000000eab00000)
  object space 466432K, 99% used [0x00000000c0000000,0x00000000dc719da0,0x00000000dc780000)
 Metaspace       used 57917K, committed 59328K, reserved 1114112K
  class space    used 6028K, committed 6592K, reserved 1048576K
}
Event: 17.990 GC heap after
{Heap after GC invocations=329 (full 2):
 PSYoungGen      total 4096K, used 256K [0x00000000eab00000, 0x00000000eb000000, 0x0000000100000000)
  eden space 2560K, 0% used [0x00000000eab00000,0x00000000eab00000,0x00000000ead80000)
  from space 1536K, 16% used [0x00000000ead80000,0x00000000eadc0000,0x00000000eaf00000)
  to   space 1024K, 0% used [0x00000000eaf00000,0x00000000eaf00000,0x00000000eb000000)
 ParOldGen       total 466944K, used 466885K [0x00000000c0000000, 0x00000000dc800000, 0x00000000eab00000)
  object space 466944K, 99% used [0x00000000c0000000,0x00000000dc7f15e0,0x00000000dc800000)
 Metaspace       used 57917K, committed 59328K, reserved 1114112K
  class space    used 6028K, committed 6592K, reserved 1048576K
}
Event: 18.043 GC heap before
{Heap before GC invocations=330 (full 2):
 PSYoungGen      total 4096K, used 2816K [0x00000000eab00000, 0x00000000eb000000, 0x0000000100000000)
  eden space 2560K, 100% used [0x00000000eab00000,0x00000000ead80000,0x00000000ead80000)
  from space 1536K, 16% used [0x00000000ead80000,0x00000000eadc0000,0x00000000eaf00000)
  to   space 1024K, 0% used [0x00000000eaf00000,0x00000000eaf00000,0x00000000eb000000)
 ParOldGen       total 466944K, used 466885K [0x00000000c0000000, 0x00000000dc800000, 0x00000000eab00000)
  object space 466944K, 99% used [0x00000000c0000000,0x00000000dc7f15e0,0x00000000dc800000)
 Metaspace       used 58208K, committed 59648K, reserved 1114112K
  class space    used 6056K, committed 6656K, reserved 1048576K
}
Event: 18.049 GC heap after
{Heap after GC invocations=330 (full 2):
 PSYoungGen      total 3072K, used 394K [0x00000000eab00000, 0x00000000eaf80000, 0x0000000100000000)
  eden space 2560K, 0% used [0x00000000eab00000,0x00000000eab00000,0x00000000ead80000)
  from space 512K, 77% used [0x00000000eaf00000,0x00000000eaf62a88,0x00000000eaf80000)
  to   space 512K, 0% used [0x00000000eae80000,0x00000000eae80000,0x00000000eaf00000)
 ParOldGen       total 467456K, used 466989K [0x00000000c0000000, 0x00000000dc880000, 0x00000000eab00000)
  object space 467456K, 99% used [0x00000000c0000000,0x00000000dc80b5e0,0x00000000dc880000)
 Metaspace       used 58208K, committed 59648K, reserved 1114112K
  class space    used 6056K, committed 6656K, reserved 1048576K
}
Event: 18.085 GC heap before
{Heap before GC invocations=331 (full 2):
 PSYoungGen      total 3072K, used 2953K [0x00000000eab00000, 0x00000000eaf80000, 0x0000000100000000)
  eden space 2560K, 99% used [0x00000000eab00000,0x00000000ead7fd70,0x00000000ead80000)
  from space 512K, 77% used [0x00000000eaf00000,0x00000000eaf62a88,0x00000000eaf80000)
  to   space 512K, 0% used [0x00000000eae80000,0x00000000eae80000,0x00000000eaf00000)
 ParOldGen       total 467456K, used 466989K [0x00000000c0000000, 0x00000000dc880000, 0x00000000eab00000)
  object space 467456K, 99% used [0x00000000c0000000,0x00000000dc80b5e0,0x00000000dc880000)
 Metaspace       used 58308K, committed 59712K, reserved 1114112K
  class space    used 6069K, committed 6656K, reserved 1048576K
}
Event: 18.089 GC heap after
{Heap after GC invocations=331 (full 2):
 PSYoungGen      total 3072K, used 481K [0x00000000eab00000, 0x00000000eaf80000, 0x0000000100000000)
  eden space 2560K, 0% used [0x00000000eab00000,0x00000000eab00000,0x00000000ead80000)
  from space 512K, 94% used [0x00000000eae80000,0x00000000eaef8778,0x00000000eaf00000)
  to   space 512K, 0% used [0x00000000eaf00000,0x00000000eaf00000,0x00000000eaf80000)
 ParOldGen       total 467456K, used 467205K [0x00000000c0000000, 0x00000000dc880000, 0x00000000eab00000)
  object space 467456K, 99% used [0x00000000c0000000,0x00000000dc8417e8,0x00000000dc880000)
 Metaspace       used 58308K, committed 59712K, reserved 1114112K
  class space    used 6069K, committed 6656K, reserved 1048576K
}
Event: 18.108 GC heap before
{Heap before GC invocations=332 (full 2):
 PSYoungGen      total 3072K, used 3021K [0x00000000eab00000, 0x00000000eaf80000, 0x0000000100000000)
  eden space 2560K, 99% used [0x00000000eab00000,0x00000000ead7afb8,0x00000000ead80000)
  from space 512K, 94% used [0x00000000eae80000,0x00000000eaef8778,0x00000000eaf00000)
  to   space 512K, 0% used [0x00000000eaf00000,0x00000000eaf00000,0x00000000eaf80000)
 ParOldGen       total 467456K, used 467205K [0x00000000c0000000, 0x00000000dc880000, 0x00000000eab00000)
  object space 467456K, 99% used [0x00000000c0000000,0x00000000dc8417e8,0x00000000dc880000)
 Metaspace       used 58362K, committed 59776K, reserved 1114112K
  class space    used 6073K, committed 6656K, reserved 1048576K
}
Event: 18.111 GC heap after
{Heap after GC invocations=332 (full 2):
 PSYoungGen      total 3072K, used 492K [0x00000000eab00000, 0x00000000eaf80000, 0x0000000100000000)
  eden space 2560K, 0% used [0x00000000eab00000,0x00000000eab00000,0x00000000ead80000)
  from space 512K, 96% used [0x00000000eaf00000,0x00000000eaf7b100,0x00000000eaf80000)
  to   space 1024K, 0% used [0x00000000ead80000,0x00000000ead80000,0x00000000eae80000)
 ParOldGen       total 467968K, used 467553K [0x00000000c0000000, 0x00000000dc900000, 0x00000000eab00000)
  object space 467968K, 99% used [0x00000000c0000000,0x00000000dc898428,0x00000000dc900000)
 Metaspace       used 58362K, committed 59776K, reserved 1114112K
  class space    used 6073K, committed 6656K, reserved 1048576K
}
Event: 18.124 GC heap before
{Heap before GC invocations=333 (full 2):
 PSYoungGen      total 3072K, used 2999K [0x00000000eab00000, 0x00000000eaf80000, 0x0000000100000000)
  eden space 2560K, 97% used [0x00000000eab00000,0x00000000ead72e10,0x00000000ead80000)
  from space 512K, 96% used [0x00000000eaf00000,0x00000000eaf7b100,0x00000000eaf80000)
  to   space 1024K, 0% used [0x00000000ead80000,0x00000000ead80000,0x00000000eae80000)
 ParOldGen       total 467968K, used 467553K [0x00000000c0000000, 0x00000000dc900000, 0x00000000eab00000)
  object space 467968K, 99% used [0x00000000c0000000,0x00000000dc898428,0x00000000dc900000)
 Metaspace       used 58403K, committed 59776K, reserved 1114112K
  class space    used 6076K, committed 6656K, reserved 1048576K
}
Event: 18.128 GC heap after
{Heap after GC invocations=333 (full 2):
 PSYoungGen      total 3584K, used 391K [0x00000000eab00000, 0x00000000eaf80000, 0x0000000100000000)
  eden space 2560K, 0% used [0x00000000eab00000,0x00000000eab00000,0x00000000ead80000)
  from space 1024K, 38% used [0x00000000ead80000,0x00000000eade1d28,0x00000000eae80000)
  to   space 1024K, 0% used [0x00000000eae80000,0x00000000eae80000,0x00000000eaf80000)
 ParOldGen       total 467968K, used 467793K [0x00000000c0000000, 0x00000000dc900000, 0x00000000eab00000)
  object space 467968K, 99% used [0x00000000c0000000,0x00000000dc8d47e0,0x00000000dc900000)
 Metaspace       used 58403K, committed 59776K, reserved 1114112K
  class space    used 6076K, committed 6656K, reserved 1048576K
}
Event: 18.128 GC heap before
{Heap before GC invocations=334 (full 3):
 PSYoungGen      total 3584K, used 391K [0x00000000eab00000, 0x00000000eaf80000, 0x0000000100000000)
  eden space 2560K, 0% used [0x00000000eab00000,0x00000000eab00000,0x00000000ead80000)
  from space 1024K, 38% used [0x00000000ead80000,0x00000000eade1d28,0x00000000eae80000)
  to   space 1024K, 0% used [0x00000000eae80000,0x00000000eae80000,0x00000000eaf80000)
 ParOldGen       total 467968K, used 467793K [0x00000000c0000000, 0x00000000dc900000, 0x00000000eab00000)
  object space 467968K, 99% used [0x00000000c0000000,0x00000000dc8d47e0,0x00000000dc900000)
 Metaspace       used 58403K, committed 59776K, reserved 1114112K
  class space    used 6076K, committed 6656K, reserved 1048576K
}
Event: 18.911 GC heap after
{Heap after GC invocations=334 (full 3):
 PSYoungGen      total 3584K, used 0K [0x00000000eab00000, 0x00000000eaf80000, 0x0000000100000000)
  eden space 2560K, 0% used [0x00000000eab00000,0x00000000eab00000,0x00000000ead80000)
  from space 1024K, 0% used [0x00000000ead80000,0x00000000ead80000,0x00000000eae80000)
  to   space 1024K, 0% used [0x00000000eae80000,0x00000000eae80000,0x00000000eaf80000)
 ParOldGen       total 467968K, used 177465K [0x00000000c0000000, 0x00000000dc900000, 0x00000000eab00000)
  object space 467968K, 37% used [0x00000000c0000000,0x00000000cad4e440,0x00000000dc900000)
 Metaspace       used 58400K, committed 59776K, reserved 1114112K
  class space    used 6075K, committed 6656K, reserved 1048576K
}
Event: 19.037 GC heap before
{Heap before GC invocations=335 (full 3):
 PSYoungGen      total 3584K, used 2559K [0x00000000eab00000, 0x00000000eaf80000, 0x0000000100000000)
  eden space 2560K, 99% used [0x00000000eab00000,0x00000000ead7fff8,0x00000000ead80000)
  from space 1024K, 0% used [0x00000000ead80000,0x00000000ead80000,0x00000000eae80000)
  to   space 1024K, 0% used [0x00000000eae80000,0x00000000eae80000,0x00000000eaf80000)
 ParOldGen       total 467968K, used 177465K [0x00000000c0000000, 0x00000000dc900000, 0x00000000eab00000)
  object space 467968K, 37% used [0x00000000c0000000,0x00000000cad4e440,0x00000000dc900000)
 Metaspace       used 58448K, committed 59840K, reserved 1114112K
  class space    used 6083K, committed 6656K, reserved 1048576K
}
Event: 19.041 GC heap after
{Heap after GC invocations=335 (full 3):
 PSYoungGen      total 3584K, used 507K [0x00000000eab00000, 0x00000000eaf80000, 0x0000000100000000)
  eden space 2560K, 0% used [0x00000000eab00000,0x00000000eab00000,0x00000000ead80000)
  from space 1024K, 49% used [0x00000000eae80000,0x00000000eaefec08,0x00000000eaf80000)
  to   space 1024K, 0% used [0x00000000ead80000,0x00000000ead80000,0x00000000eae80000)
 ParOldGen       total 467968K, used 177473K [0x00000000c0000000, 0x00000000dc900000, 0x00000000eab00000)
  object space 467968K, 37% used [0x00000000c0000000,0x00000000cad50440,0x00000000dc900000)
 Metaspace       used 58448K, committed 59840K, reserved 1114112K
  class space    used 6083K, committed 6656K, reserved 1048576K
}
Event: 19.115 GC heap before
{Heap before GC invocations=336 (full 3):
 PSYoungGen      total 3584K, used 3062K [0x00000000eab00000, 0x00000000eaf80000, 0x0000000100000000)
  eden space 2560K, 99% used [0x00000000eab00000,0x00000000ead7efc8,0x00000000ead80000)
  from space 1024K, 49% used [0x00000000eae80000,0x00000000eaefec08,0x00000000eaf80000)
  to   space 1024K, 0% used [0x00000000ead80000,0x00000000ead80000,0x00000000eae80000)
 ParOldGen       total 467968K, used 177473K [0x00000000c0000000, 0x00000000dc900000, 0x00000000eab00000)
  object space 467968K, 37% used [0x00000000c0000000,0x00000000cad50440,0x00000000dc900000)
 Metaspace       used 58614K, committed 60032K, reserved 1114112K
  class space    used 6112K, committed 6720K, reserved 1048576K
}
Event: 19.119 GC heap after
{Heap after GC invocations=336 (full 3):
 PSYoungGen      total 3584K, used 735K [0x00000000eab00000, 0x00000000eaf80000, 0x0000000100000000)
  eden space 2560K, 0% used [0x00000000eab00000,0x00000000eab00000,0x00000000ead80000)
  from space 1024K, 71% used [0x00000000ead80000,0x00000000eae37d80,0x00000000eae80000)
  to   space 1024K, 0% used [0x00000000eae80000,0x00000000eae80000,0x00000000eaf80000)
 ParOldGen       total 467968K, used 177764K [0x00000000c0000000, 0x00000000dc900000, 0x00000000eab00000)
  object space 467968K, 37% used [0x00000000c0000000,0x00000000cad99048,0x00000000dc900000)
 Metaspace       used 58614K, committed 60032K, reserved 1114112K
  class space    used 6112K, committed 6720K, reserved 1048576K
}
Event: 19.145 GC heap before
{Heap before GC invocations=337 (full 3):
 PSYoungGen      total 3584K, used 3284K [0x00000000eab00000, 0x00000000eaf80000, 0x0000000100000000)
  eden space 2560K, 99% used [0x00000000eab00000,0x00000000ead7d498,0x00000000ead80000)
  from space 1024K, 71% used [0x00000000ead80000,0x00000000eae37d80,0x00000000eae80000)
  to   space 1024K, 0% used [0x00000000eae80000,0x00000000eae80000,0x00000000eaf80000)
 ParOldGen       total 467968K, used 177764K [0x00000000c0000000, 0x00000000dc900000, 0x00000000eab00000)
  object space 467968K, 37% used [0x00000000c0000000,0x00000000cad99048,0x00000000dc900000)
 Metaspace       used 58655K, committed 60096K, reserved 1114112K
  class space    used 6115K, committed 6720K, reserved 1048576K
}
Event: 19.148 GC heap after
{Heap after GC invocations=337 (full 3):
 PSYoungGen      total 3584K, used 448K [0x00000000eab00000, 0x00000000eaf80000, 0x0000000100000000)
  eden space 2560K, 0% used [0x00000000eab00000,0x00000000eab00000,0x00000000ead80000)
  from space 1024K, 43% used [0x00000000eae80000,0x00000000eaef0020,0x00000000eaf80000)
  to   space 1024K, 0% used [0x00000000ead80000,0x00000000ead80000,0x00000000eae80000)
 ParOldGen       total 467968K, used 178011K [0x00000000c0000000, 0x00000000dc900000, 0x00000000eab00000)
  object space 467968K, 38% used [0x00000000c0000000,0x00000000cadd6cd8,0x00000000dc900000)
 Metaspace       used 58655K, committed 60096K, reserved 1114112K
  class space    used 6115K, committed 6720K, reserved 1048576K
}
Event: 19.302 GC heap before
{Heap before GC invocations=338 (full 3):
 PSYoungGen      total 3584K, used 3008K [0x00000000eab00000, 0x00000000eaf80000, 0x0000000100000000)
  eden space 2560K, 100% used [0x00000000eab00000,0x00000000ead80000,0x00000000ead80000)
  from space 1024K, 43% used [0x00000000eae80000,0x00000000eaef0020,0x00000000eaf80000)
  to   space 1024K, 0% used [0x00000000ead80000,0x00000000ead80000,0x00000000eae80000)
 ParOldGen       total 467968K, used 178011K [0x00000000c0000000, 0x00000000dc900000, 0x00000000eab00000)
  object space 467968K, 38% used [0x00000000c0000000,0x00000000cadd6cd8,0x00000000dc900000)
 Metaspace       used 59003K, committed 60416K, reserved 1114112K
  class space    used 6136K, committed 6720K, reserved 1048576K
}
Event: 19.307 GC heap after
{Heap after GC invocations=338 (full 3):
 PSYoungGen      total 3584K, used 543K [0x00000000eab00000, 0x00000000eaf80000, 0x0000000100000000)
  eden space 2560K, 0% used [0x00000000eab00000,0x00000000eab00000,0x00000000ead80000)
  from space 1024K, 53% used [0x00000000ead80000,0x00000000eae07f80,0x00000000eae80000)
  to   space 1024K, 0% used [0x00000000eae80000,0x00000000eae80000,0x00000000eaf80000)
 ParOldGen       total 467968K, used 178323K [0x00000000c0000000, 0x00000000dc900000, 0x00000000eab00000)
  object space 467968K, 38% used [0x00000000c0000000,0x00000000cae24cf8,0x00000000dc900000)
 Metaspace       used 59003K, committed 60416K, reserved 1114112K
  class space    used 6136K, committed 6720K, reserved 1048576K
}

