# JRE version: OpenJDK Runtime Environment Temurin-21.0.5+11 (21.0.5+11) (build 21.0.5+11-LTS)
# Java VM: OpenJDK 64-Bit Server VM Temurin-21.0.5+11 (21.0.5+11-LTS, mixed mode, sharing, tiered, compressed oops, compressed class ptrs, parallel gc, windows-amd64)
GC Precious Log:
 CardTable entry size: 512
 CPUs: 12 total, 12 available
 Memory: 5981M
 Large Page Support: Disabled
 NUMA Support: Disabled
 Compressed Oops: Enabled (32-bit)
 Alignments: Space 512K, Generation 512K, Heap 2M
 Heap Min Capacity: 100M
 Heap Initial Capacity: 100M
 Heap Max Capacity: 1G
 Pre-touch: Disabled
 Parallel Workers: 10
Heap:
 PSYoungGen      total 3584K, used 2529K [0x00000000eab00000, 0x00000000eaf80000, 0x0000000100000000)
  eden space 2560K, 70% used [0x00000000eab00000,0x00000000eacc1830,0x00000000ead80000)
  from space 1024K, 71% used [0x00000000eae80000,0x00000000eaf36c70,0x00000000eaf80000)
  to   space 1024K, 0% used [0x00000000ead80000,0x00000000ead80000,0x00000000eae80000)
 ParOldGen       total 265216K, used 236683K [0x00000000c0000000, 0x00000000d0300000, 0x00000000eab00000)
  object space 265216K, 89% used [0x00000000c0000000,0x00000000ce722e68,0x00000000d0300000)
 Metaspace       used 61949K, committed 63552K, reserved 1114112K
  class space    used 6453K, committed 7232K, reserved 1048576K
GC Heap History (20 events):
Event: 10.733 GC heap before
{Heap before GC invocations=209 (full 3):
 PSYoungGen      total 3584K, used 3552K [0x00000000eab00000, 0x00000000eb280000, 0x0000000100000000)
  eden space 2560K, 100% used [0x00000000eab00000,0x00000000ead80000,0x00000000ead80000)
  from space 1024K, 96% used [0x00000000ead80000,0x00000000eae78358,0x00000000eae80000)
  to   space 2560K, 0% used [0x00000000eb000000,0x00000000eb000000,0x00000000eb280000)
 ParOldGen       total 265216K, used 228075K [0x00000000c0000000, 0x00000000d0300000, 0x00000000eab00000)
  object space 265216K, 85% used [0x00000000c0000000,0x00000000cdebaf48,0x00000000d0300000)
 Metaspace       used 60917K, committed 62400K, reserved 1114112K
  class space    used 6365K, committed 7040K, reserved 1048576K
}
Event: 10.740 GC heap after
{Heap after GC invocations=209 (full 3):
 PSYoungGen      total 4096K, used 1376K [0x00000000eab00000, 0x00000000eb180000, 0x0000000100000000)
  eden space 2560K, 0% used [0x00000000eab00000,0x00000000eab00000,0x00000000ead80000)
  from space 1536K, 89% used [0x00000000eb000000,0x00000000eb158010,0x00000000eb180000)
  to   space 2048K, 0% used [0x00000000ead80000,0x00000000ead80000,0x00000000eaf80000)
 ParOldGen       total 265216K, used 229058K [0x00000000c0000000, 0x00000000d0300000, 0x00000000eab00000)
  object space 265216K, 86% used [0x00000000c0000000,0x00000000cdfb0b98,0x00000000d0300000)
 Metaspace       used 60917K, committed 62400K, reserved 1114112K
  class space    used 6365K, committed 7040K, reserved 1048576K
}
Event: 10.752 GC heap before
{Heap before GC invocations=210 (full 3):
 PSYoungGen      total 4096K, used 3930K [0x00000000eab00000, 0x00000000eb180000, 0x0000000100000000)
  eden space 2560K, 99% used [0x00000000eab00000,0x00000000ead7eb70,0x00000000ead80000)
  from space 1536K, 89% used [0x00000000eb000000,0x00000000eb158010,0x00000000eb180000)
  to   space 2048K, 0% used [0x00000000ead80000,0x00000000ead80000,0x00000000eaf80000)
 ParOldGen       total 265216K, used 230380K [0x00000000c0000000, 0x00000000d0300000, 0x00000000eab00000)
  object space 265216K, 86% used [0x00000000c0000000,0x00000000ce0fb318,0x00000000d0300000)
 Metaspace       used 60946K, committed 62464K, reserved 1114112K
  class space    used 6369K, committed 7040K, reserved 1048576K
}
Event: 10.755 GC heap after
{Heap after GC invocations=210 (full 3):
 PSYoungGen      total 4096K, used 1248K [0x00000000eab00000, 0x00000000eb080000, 0x0000000100000000)
  eden space 2560K, 0% used [0x00000000eab00000,0x00000000eab00000,0x00000000ead80000)
  from space 1536K, 81% used [0x00000000ead80000,0x00000000eaeb81a0,0x00000000eaf00000)
  to   space 1536K, 0% used [0x00000000eaf00000,0x00000000eaf00000,0x00000000eb080000)
 ParOldGen       total 265216K, used 231548K [0x00000000c0000000, 0x00000000d0300000, 0x00000000eab00000)
  object space 265216K, 87% used [0x00000000c0000000,0x00000000ce21f328,0x00000000d0300000)
 Metaspace       used 60946K, committed 62464K, reserved 1114112K
  class space    used 6369K, committed 7040K, reserved 1048576K
}
Event: 10.773 GC heap before
{Heap before GC invocations=211 (full 3):
 PSYoungGen      total 4096K, used 3804K [0x00000000eab00000, 0x00000000eb080000, 0x0000000100000000)
  eden space 2560K, 99% used [0x00000000eab00000,0x00000000ead7ef18,0x00000000ead80000)
  from space 1536K, 81% used [0x00000000ead80000,0x00000000eaeb81a0,0x00000000eaf00000)
  to   space 1536K, 0% used [0x00000000eaf00000,0x00000000eaf00000,0x00000000eb080000)
 ParOldGen       total 265216K, used 231548K [0x00000000c0000000, 0x00000000d0300000, 0x00000000eab00000)
  object space 265216K, 87% used [0x00000000c0000000,0x00000000ce21f328,0x00000000d0300000)
 Metaspace       used 60991K, committed 62464K, reserved 1114112K
  class space    used 6372K, committed 7040K, reserved 1048576K
}
Event: 10.775 GC heap after
{Heap after GC invocations=211 (full 3):
 PSYoungGen      total 3072K, used 352K [0x00000000eab00000, 0x00000000eaf80000, 0x0000000100000000)
  eden space 2560K, 0% used [0x00000000eab00000,0x00000000eab00000,0x00000000ead80000)
  from space 512K, 68% used [0x00000000eaf00000,0x00000000eaf58000,0x00000000eaf80000)
  to   space 1024K, 0% used [0x00000000ead80000,0x00000000ead80000,0x00000000eae80000)
 ParOldGen       total 265216K, used 232189K [0x00000000c0000000, 0x00000000d0300000, 0x00000000eab00000)
  object space 265216K, 87% used [0x00000000c0000000,0x00000000ce2bf438,0x00000000d0300000)
 Metaspace       used 60991K, committed 62464K, reserved 1114112K
  class space    used 6372K, committed 7040K, reserved 1048576K
}
Event: 10.870 GC heap before
{Heap before GC invocations=212 (full 3):
 PSYoungGen      total 3072K, used 2863K [0x00000000eab00000, 0x00000000eaf80000, 0x0000000100000000)
  eden space 2560K, 98% used [0x00000000eab00000,0x00000000ead73d28,0x00000000ead80000)
  from space 512K, 68% used [0x00000000eaf00000,0x00000000eaf58000,0x00000000eaf80000)
  to   space 1024K, 0% used [0x00000000ead80000,0x00000000ead80000,0x00000000eae80000)
 ParOldGen       total 265216K, used 232189K [0x00000000c0000000, 0x00000000d0300000, 0x00000000eab00000)
  object space 265216K, 87% used [0x00000000c0000000,0x00000000ce2bf438,0x00000000d0300000)
 Metaspace       used 61034K, committed 62464K, reserved 1114112K
  class space    used 6379K, committed 7040K, reserved 1048576K
}
Event: 10.873 GC heap after
{Heap after GC invocations=212 (full 3):
 PSYoungGen      total 3584K, used 373K [0x00000000eab00000, 0x00000000eaf80000, 0x0000000100000000)
  eden space 2560K, 0% used [0x00000000eab00000,0x00000000eab00000,0x00000000ead80000)
  from space 1024K, 36% used [0x00000000ead80000,0x00000000eaddd4a8,0x00000000eae80000)
  to   space 512K, 0% used [0x00000000eaf00000,0x00000000eaf00000,0x00000000eaf80000)
 ParOldGen       total 265216K, used 232403K [0x00000000c0000000, 0x00000000d0300000, 0x00000000eab00000)
  object space 265216K, 87% used [0x00000000c0000000,0x00000000ce2f4cd8,0x00000000d0300000)
 Metaspace       used 61034K, committed 62464K, reserved 1114112K
  class space    used 6379K, committed 7040K, reserved 1048576K
}
Event: 10.887 GC heap before
{Heap before GC invocations=213 (full 3):
 PSYoungGen      total 3584K, used 2933K [0x00000000eab00000, 0x00000000eaf80000, 0x0000000100000000)
  eden space 2560K, 100% used [0x00000000eab00000,0x00000000ead80000,0x00000000ead80000)
  from space 1024K, 36% used [0x00000000ead80000,0x00000000eaddd4a8,0x00000000eae80000)
  to   space 512K, 0% used [0x00000000eaf00000,0x00000000eaf00000,0x00000000eaf80000)
 ParOldGen       total 265216K, used 232403K [0x00000000c0000000, 0x00000000d0300000, 0x00000000eab00000)
  object space 265216K, 87% used [0x00000000c0000000,0x00000000ce2f4cd8,0x00000000d0300000)
 Metaspace       used 61047K, committed 62528K, reserved 1114112K
  class space    used 6381K, committed 7040K, reserved 1048576K
}
Event: 10.889 GC heap after
{Heap after GC invocations=213 (full 3):
 PSYoungGen      total 3072K, used 384K [0x00000000eab00000, 0x00000000eaf80000, 0x0000000100000000)
  eden space 2560K, 0% used [0x00000000eab00000,0x00000000eab00000,0x00000000ead80000)
  from space 512K, 75% used [0x00000000eaf00000,0x00000000eaf60020,0x00000000eaf80000)
  to   space 512K, 0% used [0x00000000eae80000,0x00000000eae80000,0x00000000eaf00000)
 ParOldGen       total 265216K, used 232560K [0x00000000c0000000, 0x00000000d0300000, 0x00000000eab00000)
  object space 265216K, 87% used [0x00000000c0000000,0x00000000ce31c2d8,0x00000000d0300000)
 Metaspace       used 61047K, committed 62528K, reserved 1114112K
  class space    used 6381K, committed 7040K, reserved 1048576K
}
Event: 10.904 GC heap before
{Heap before GC invocations=214 (full 3):
 PSYoungGen      total 3072K, used 2944K [0x00000000eab00000, 0x00000000eaf80000, 0x0000000100000000)
  eden space 2560K, 100% used [0x00000000eab00000,0x00000000ead80000,0x00000000ead80000)
  from space 512K, 75% used [0x00000000eaf00000,0x00000000eaf60020,0x00000000eaf80000)
  to   space 512K, 0% used [0x00000000eae80000,0x00000000eae80000,0x00000000eaf00000)
 ParOldGen       total 265216K, used 232560K [0x00000000c0000000, 0x00000000d0300000, 0x00000000eab00000)
  object space 265216K, 87% used [0x00000000c0000000,0x00000000ce31c2d8,0x00000000d0300000)
 Metaspace       used 61050K, committed 62528K, reserved 1114112K
  class space    used 6381K, committed 7040K, reserved 1048576K
}
Event: 10.907 GC heap after
{Heap after GC invocations=214 (full 3):
 PSYoungGen      total 3072K, used 480K [0x00000000eab00000, 0x00000000eaf80000, 0x0000000100000000)
  eden space 2560K, 0% used [0x00000000eab00000,0x00000000eab00000,0x00000000ead80000)
  from space 512K, 93% used [0x00000000eae80000,0x00000000eaef8000,0x00000000eaf00000)
  to   space 512K, 0% used [0x00000000eaf00000,0x00000000eaf00000,0x00000000eaf80000)
 ParOldGen       total 265216K, used 232760K [0x00000000c0000000, 0x00000000d0300000, 0x00000000eab00000)
  object space 265216K, 87% used [0x00000000c0000000,0x00000000ce34e2d8,0x00000000d0300000)
 Metaspace       used 61050K, committed 62528K, reserved 1114112K
  class space    used 6381K, committed 7040K, reserved 1048576K
}
Event: 10.926 GC heap before
{Heap before GC invocations=215 (full 3):
 PSYoungGen      total 3072K, used 3040K [0x00000000eab00000, 0x00000000eaf80000, 0x0000000100000000)
  eden space 2560K, 100% used [0x00000000eab00000,0x00000000ead80000,0x00000000ead80000)
  from space 512K, 93% used [0x00000000eae80000,0x00000000eaef8000,0x00000000eaf00000)
  to   space 512K, 0% used [0x00000000eaf00000,0x00000000eaf00000,0x00000000eaf80000)
 ParOldGen       total 265216K, used 232760K [0x00000000c0000000, 0x00000000d0300000, 0x00000000eab00000)
  object space 265216K, 87% used [0x00000000c0000000,0x00000000ce34e2d8,0x00000000d0300000)
 Metaspace       used 61098K, committed 62720K, reserved 1114112K
  class space    used 6391K, committed 7168K, reserved 1048576K
}
Event: 10.928 GC heap after
{Heap after GC invocations=215 (full 3):
 PSYoungGen      total 3072K, used 504K [0x00000000eab00000, 0x00000000eb080000, 0x0000000100000000)
  eden space 2560K, 0% used [0x00000000eab00000,0x00000000eab00000,0x00000000ead80000)
  from space 512K, 98% used [0x00000000eaf00000,0x00000000eaf7e270,0x00000000eaf80000)
  to   space 1536K, 0% used [0x00000000ead80000,0x00000000ead80000,0x00000000eaf00000)
 ParOldGen       total 265216K, used 233270K [0x00000000c0000000, 0x00000000d0300000, 0x00000000eab00000)
  object space 265216K, 87% used [0x00000000c0000000,0x00000000ce3cdb20,0x00000000d0300000)
 Metaspace       used 61098K, committed 62720K, reserved 1114112K
  class space    used 6391K, committed 7168K, reserved 1048576K
}
Event: 10.939 GC heap before
{Heap before GC invocations=216 (full 3):
 PSYoungGen      total 3072K, used 3064K [0x00000000eab00000, 0x00000000eb080000, 0x0000000100000000)
  eden space 2560K, 99% used [0x00000000eab00000,0x00000000ead7fff0,0x00000000ead80000)
  from space 512K, 98% used [0x00000000eaf00000,0x00000000eaf7e270,0x00000000eaf80000)
  to   space 1536K, 0% used [0x00000000ead80000,0x00000000ead80000,0x00000000eaf00000)
 ParOldGen       total 265216K, used 233270K [0x00000000c0000000, 0x00000000d0300000, 0x00000000eab00000)
  object space 265216K, 87% used [0x00000000c0000000,0x00000000ce3cdb20,0x00000000d0300000)
 Metaspace       used 61220K, committed 62784K, reserved 1114112K
  class space    used 6396K, committed 7168K, reserved 1048576K
}
Event: 10.941 GC heap after
{Heap after GC invocations=216 (full 3):
 PSYoungGen      total 3584K, used 619K [0x00000000eab00000, 0x00000000eaf80000, 0x0000000100000000)
  eden space 2560K, 0% used [0x00000000eab00000,0x00000000eab00000,0x00000000ead80000)
  from space 1024K, 60% used [0x00000000ead80000,0x00000000eae1aef8,0x00000000eae80000)
  to   space 1024K, 0% used [0x00000000eae80000,0x00000000eae80000,0x00000000eaf80000)
 ParOldGen       total 265216K, used 233679K [0x00000000c0000000, 0x00000000d0300000, 0x00000000eab00000)
  object space 265216K, 88% used [0x00000000c0000000,0x00000000ce433d90,0x00000000d0300000)
 Metaspace       used 61220K, committed 62784K, reserved 1114112K
  class space    used 6396K, committed 7168K, reserved 1048576K
}
Event: 10.953 GC heap before
{Heap before GC invocations=217 (full 3):
 PSYoungGen      total 3584K, used 3179K [0x00000000eab00000, 0x00000000eaf80000, 0x0000000100000000)
  eden space 2560K, 100% used [0x00000000eab00000,0x00000000ead80000,0x00000000ead80000)
  from space 1024K, 60% used [0x00000000ead80000,0x00000000eae1aef8,0x00000000eae80000)
  to   space 1024K, 0% used [0x00000000eae80000,0x00000000eae80000,0x00000000eaf80000)
 ParOldGen       total 265216K, used 233679K [0x00000000c0000000, 0x00000000d0300000, 0x00000000eab00000)
  object space 265216K, 88% used [0x00000000c0000000,0x00000000ce433f30,0x00000000d0300000)
 Metaspace       used 61357K, committed 62912K, reserved 1114112K
  class space    used 6405K, committed 7168K, reserved 1048576K
}
Event: 10.955 GC heap after
{Heap after GC invocations=217 (full 3):
 PSYoungGen      total 3072K, used 384K [0x00000000eab00000, 0x00000000eaf00000, 0x0000000100000000)
  eden space 2560K, 0% used [0x00000000eab00000,0x00000000eab00000,0x00000000ead80000)
  from space 512K, 75% used [0x00000000eae80000,0x00000000eaee0000,0x00000000eaf00000)
  to   space 512K, 0% used [0x00000000eae00000,0x00000000eae00000,0x00000000eae80000)
 ParOldGen       total 265216K, used 233982K [0x00000000c0000000, 0x00000000d0300000, 0x00000000eab00000)
  object space 265216K, 88% used [0x00000000c0000000,0x00000000ce47fa98,0x00000000d0300000)
 Metaspace       used 61357K, committed 62912K, reserved 1114112K
  class space    used 6405K, committed 7168K, reserved 1048576K
}
Event: 10.964 GC heap before
{Heap before GC invocations=218 (full 3):
 PSYoungGen      total 3072K, used 2944K [0x00000000eab00000, 0x00000000eaf00000, 0x0000000100000000)
  eden space 2560K, 100% used [0x00000000eab00000,0x00000000ead80000,0x00000000ead80000)
  from space 512K, 75% used [0x00000000eae80000,0x00000000eaee0000,0x00000000eaf00000)
  to   space 512K, 0% used [0x00000000eae00000,0x00000000eae00000,0x00000000eae80000)
 ParOldGen       total 265216K, used 234000K [0x00000000c0000000, 0x00000000d0300000, 0x00000000eab00000)
  object space 265216K, 88% used [0x00000000c0000000,0x00000000ce484330,0x00000000d0300000)
 Metaspace       used 61552K, committed 63104K, reserved 1114112K
  class space    used 6424K, committed 7168K, reserved 1048576K
}
Event: 10.966 GC heap after
{Heap after GC invocations=218 (full 3):
 PSYoungGen      total 3072K, used 511K [0x00000000eab00000, 0x00000000eaf80000, 0x0000000100000000)
  eden space 2560K, 0% used [0x00000000eab00000,0x00000000eab00000,0x00000000ead80000)
  from space 512K, 99% used [0x00000000eae00000,0x00000000eae7fee0,0x00000000eae80000)
  to   space 1024K, 0% used [0x00000000eae80000,0x00000000eae80000,0x00000000eaf80000)
 ParOldGen       total 265216K, used 234196K [0x00000000c0000000, 0x00000000d0300000, 0x00000000eab00000)
  object space 265216K, 88% used [0x00000000c0000000,0x00000000ce4b5310,0x00000000d0300000)
 Metaspace       used 61552K, committed 63104K, reserved 1114112K
  class space    used 6424K, committed 7168K, reserved 1048576K
}

