# JRE version: OpenJDK Runtime Environment Temurin-21.0.5+11 (21.0.5+11) (build 21.0.5+11-LTS)
# Java VM: OpenJDK 64-Bit Server VM Temurin-21.0.5+11 (21.0.5+11-LTS, mixed mode, sharing, tiered, compressed oops, compressed class ptrs, parallel gc, windows-amd64)
GC Precious Log:
 CardTable entry size: 512
 CPUs: 12 total, 12 available
 Memory: 5981M
 Large Page Support: Disabled
 NUMA Support: Disabled
 Compressed Oops: Enabled (32-bit)
 Alignments: Space 512K, Generation 512K, Heap 2M
 Heap Min Capacity: 100M
 Heap Initial Capacity: 100M
 Heap Max Capacity: 1G
 Pre-touch: Disabled
 Parallel Workers: 10
Heap:
 PSYoungGen      total 23040K, used 11518K [0x00000000eab00000, 0x00000000ec500000, 0x0000000100000000)
  eden space 19968K, 43% used [0x00000000eab00000,0x00000000eb368e78,0x00000000ebe80000)
  from space 3072K, 94% used [0x00000000ec200000,0x00000000ec4d6cf0,0x00000000ec500000)
  to   space 3072K, 0% used [0x00000000ebf00000,0x00000000ebf00000,0x00000000ec200000)
 ParOldGen       total 68608K, used 45714K [0x00000000c0000000, 0x00000000c4300000, 0x00000000eab00000)
  object space 68608K, 66% used [0x00000000c0000000,0x00000000c2ca4910,0x00000000c4300000)
 Metaspace       used 49441K, committed 50752K, reserved 1114112K
  class space    used 5252K, committed 5824K, reserved 1048576K
GC Heap History (20 events):
Event: 6.858 GC heap before
{Heap before GC invocations=21 (full 2):
 PSYoungGen      total 22528K, used 22498K [0x00000000eab00000, 0x00000000ec780000, 0x0000000100000000)
  eden space 20992K, 99% used [0x00000000eab00000,0x00000000ebf7fff0,0x00000000ebf80000)
  from space 1536K, 98% used [0x00000000ec300000,0x00000000ec478810,0x00000000ec480000)
  to   space 3584K, 0% used [0x00000000ebf80000,0x00000000ebf80000,0x00000000ec300000)
 ParOldGen       total 68608K, used 25060K [0x00000000c0000000, 0x00000000c4300000, 0x00000000eab00000)
  object space 68608K, 36% used [0x00000000c0000000,0x00000000c1879140,0x00000000c4300000)
 Metaspace       used 41061K, committed 42240K, reserved 1114112K
  class space    used 4251K, committed 4800K, reserved 1048576K
}
Event: 6.864 GC heap after
{Heap after GC invocations=21 (full 2):
 PSYoungGen      total 24576K, used 3532K [0x00000000eab00000, 0x00000000ec780000, 0x0000000100000000)
  eden space 20992K, 0% used [0x00000000eab00000,0x00000000eab00000,0x00000000ebf80000)
  from space 3584K, 98% used [0x00000000ebf80000,0x00000000ec2f3038,0x00000000ec300000)
  to   space 4096K, 0% used [0x00000000ec380000,0x00000000ec380000,0x00000000ec780000)
 ParOldGen       total 68608K, used 26536K [0x00000000c0000000, 0x00000000c4300000, 0x00000000eab00000)
  object space 68608K, 38% used [0x00000000c0000000,0x00000000c19ea000,0x00000000c4300000)
 Metaspace       used 41061K, committed 42240K, reserved 1114112K
  class space    used 4251K, committed 4800K, reserved 1048576K
}
Event: 6.973 GC heap before
{Heap before GC invocations=22 (full 2):
 PSYoungGen      total 24576K, used 24524K [0x00000000eab00000, 0x00000000ec780000, 0x0000000100000000)
  eden space 20992K, 100% used [0x00000000eab00000,0x00000000ebf80000,0x00000000ebf80000)
  from space 3584K, 98% used [0x00000000ebf80000,0x00000000ec2f3038,0x00000000ec300000)
  to   space 4096K, 0% used [0x00000000ec380000,0x00000000ec380000,0x00000000ec780000)
 ParOldGen       total 68608K, used 26536K [0x00000000c0000000, 0x00000000c4300000, 0x00000000eab00000)
  object space 68608K, 38% used [0x00000000c0000000,0x00000000c19ea000,0x00000000c4300000)
 Metaspace       used 41748K, committed 42944K, reserved 1114112K
  class space    used 4334K, committed 4864K, reserved 1048576K
}
Event: 6.981 GC heap after
{Heap after GC invocations=22 (full 2):
 PSYoungGen      total 23552K, used 2516K [0x00000000eab00000, 0x00000000ec600000, 0x0000000100000000)
  eden space 20992K, 0% used [0x00000000eab00000,0x00000000eab00000,0x00000000ebf80000)
  from space 2560K, 98% used [0x00000000ec380000,0x00000000ec5f5288,0x00000000ec600000)
  to   space 3072K, 0% used [0x00000000ec000000,0x00000000ec000000,0x00000000ec300000)
 ParOldGen       total 68608K, used 29816K [0x00000000c0000000, 0x00000000c4300000, 0x00000000eab00000)
  object space 68608K, 43% used [0x00000000c0000000,0x00000000c1d1e000,0x00000000c4300000)
 Metaspace       used 41748K, committed 42944K, reserved 1114112K
  class space    used 4334K, committed 4864K, reserved 1048576K
}
Event: 7.047 GC heap before
{Heap before GC invocations=23 (full 2):
 PSYoungGen      total 23552K, used 23508K [0x00000000eab00000, 0x00000000ec600000, 0x0000000100000000)
  eden space 20992K, 100% used [0x00000000eab00000,0x00000000ebf80000,0x00000000ebf80000)
  from space 2560K, 98% used [0x00000000ec380000,0x00000000ec5f5288,0x00000000ec600000)
  to   space 3072K, 0% used [0x00000000ec000000,0x00000000ec000000,0x00000000ec300000)
 ParOldGen       total 68608K, used 29816K [0x00000000c0000000, 0x00000000c4300000, 0x00000000eab00000)
  object space 68608K, 43% used [0x00000000c0000000,0x00000000c1d1e000,0x00000000c4300000)
 Metaspace       used 42058K, committed 43264K, reserved 1114112K
  class space    used 4377K, committed 4928K, reserved 1048576K
}
Event: 7.052 GC heap after
{Heap after GC invocations=23 (full 2):
 PSYoungGen      total 23552K, used 2477K [0x00000000eab00000, 0x00000000ec480000, 0x0000000100000000)
  eden space 20992K, 0% used [0x00000000eab00000,0x00000000eab00000,0x00000000ebf80000)
  from space 2560K, 96% used [0x00000000ec000000,0x00000000ec26b510,0x00000000ec280000)
  to   space 2048K, 0% used [0x00000000ec280000,0x00000000ec280000,0x00000000ec480000)
 ParOldGen       total 68608K, used 32212K [0x00000000c0000000, 0x00000000c4300000, 0x00000000eab00000)
  object space 68608K, 46% used [0x00000000c0000000,0x00000000c1f75288,0x00000000c4300000)
 Metaspace       used 42058K, committed 43264K, reserved 1114112K
  class space    used 4377K, committed 4928K, reserved 1048576K
}
Event: 7.096 GC heap before
{Heap before GC invocations=24 (full 2):
 PSYoungGen      total 23552K, used 23469K [0x00000000eab00000, 0x00000000ec480000, 0x0000000100000000)
  eden space 20992K, 100% used [0x00000000eab00000,0x00000000ebf80000,0x00000000ebf80000)
  from space 2560K, 96% used [0x00000000ec000000,0x00000000ec26b510,0x00000000ec280000)
  to   space 2048K, 0% used [0x00000000ec280000,0x00000000ec280000,0x00000000ec480000)
 ParOldGen       total 68608K, used 32212K [0x00000000c0000000, 0x00000000c4300000, 0x00000000eab00000)
  object space 68608K, 46% used [0x00000000c0000000,0x00000000c1f75288,0x00000000c4300000)
 Metaspace       used 42441K, committed 43648K, reserved 1114112K
  class space    used 4418K, committed 4992K, reserved 1048576K
}
Event: 7.101 GC heap after
{Heap after GC invocations=24 (full 2):
 PSYoungGen      total 23040K, used 1824K [0x00000000eab00000, 0x00000000ec480000, 0x0000000100000000)
  eden space 20992K, 0% used [0x00000000eab00000,0x00000000eab00000,0x00000000ebf80000)
  from space 2048K, 89% used [0x00000000ec280000,0x00000000ec448000,0x00000000ec480000)
  to   space 2560K, 0% used [0x00000000ebf80000,0x00000000ebf80000,0x00000000ec200000)
 ParOldGen       total 68608K, used 34569K [0x00000000c0000000, 0x00000000c4300000, 0x00000000eab00000)
  object space 68608K, 50% used [0x00000000c0000000,0x00000000c21c2798,0x00000000c4300000)
 Metaspace       used 42441K, committed 43648K, reserved 1114112K
  class space    used 4418K, committed 4992K, reserved 1048576K
}
Event: 7.143 GC heap before
{Heap before GC invocations=25 (full 2):
 PSYoungGen      total 23040K, used 22816K [0x00000000eab00000, 0x00000000ec480000, 0x0000000100000000)
  eden space 20992K, 100% used [0x00000000eab00000,0x00000000ebf80000,0x00000000ebf80000)
  from space 2048K, 89% used [0x00000000ec280000,0x00000000ec448000,0x00000000ec480000)
  to   space 2560K, 0% used [0x00000000ebf80000,0x00000000ebf80000,0x00000000ec200000)
 ParOldGen       total 68608K, used 34569K [0x00000000c0000000, 0x00000000c4300000, 0x00000000eab00000)
  object space 68608K, 50% used [0x00000000c0000000,0x00000000c21c2798,0x00000000c4300000)
 Metaspace       used 42972K, committed 44096K, reserved 1114112K
  class space    used 4470K, committed 4992K, reserved 1048576K
}
Event: 7.149 GC heap after
{Heap after GC invocations=25 (full 2):
 PSYoungGen      total 23552K, used 2048K [0x00000000eab00000, 0x00000000ec480000, 0x0000000100000000)
  eden space 20992K, 0% used [0x00000000eab00000,0x00000000eab00000,0x00000000ebf80000)
  from space 2560K, 80% used [0x00000000ebf80000,0x00000000ec180010,0x00000000ec200000)
  to   space 2560K, 0% used [0x00000000ec200000,0x00000000ec200000,0x00000000ec480000)
 ParOldGen       total 68608K, used 36217K [0x00000000c0000000, 0x00000000c4300000, 0x00000000eab00000)
  object space 68608K, 52% used [0x00000000c0000000,0x00000000c235e798,0x00000000c4300000)
 Metaspace       used 42972K, committed 44096K, reserved 1114112K
  class space    used 4470K, committed 4992K, reserved 1048576K
}
Event: 7.194 GC heap before
{Heap before GC invocations=26 (full 2):
 PSYoungGen      total 23552K, used 23040K [0x00000000eab00000, 0x00000000ec480000, 0x0000000100000000)
  eden space 20992K, 100% used [0x00000000eab00000,0x00000000ebf80000,0x00000000ebf80000)
  from space 2560K, 80% used [0x00000000ebf80000,0x00000000ec180010,0x00000000ec200000)
  to   space 2560K, 0% used [0x00000000ec200000,0x00000000ec200000,0x00000000ec480000)
 ParOldGen       total 68608K, used 36217K [0x00000000c0000000, 0x00000000c4300000, 0x00000000eab00000)
  object space 68608K, 52% used [0x00000000c0000000,0x00000000c235e798,0x00000000c4300000)
 Metaspace       used 43530K, committed 44736K, reserved 1114112K
  class space    used 4539K, committed 5056K, reserved 1048576K
}
Event: 7.198 GC heap after
{Heap after GC invocations=26 (full 2):
 PSYoungGen      total 23040K, used 1632K [0x00000000eab00000, 0x00000000ec400000, 0x0000000100000000)
  eden space 20992K, 0% used [0x00000000eab00000,0x00000000eab00000,0x00000000ebf80000)
  from space 2048K, 79% used [0x00000000ec200000,0x00000000ec398000,0x00000000ec400000)
  to   space 2048K, 0% used [0x00000000ec000000,0x00000000ec000000,0x00000000ec200000)
 ParOldGen       total 68608K, used 38143K [0x00000000c0000000, 0x00000000c4300000, 0x00000000eab00000)
  object space 68608K, 55% used [0x00000000c0000000,0x00000000c253ff30,0x00000000c4300000)
 Metaspace       used 43530K, committed 44736K, reserved 1114112K
  class space    used 4539K, committed 5056K, reserved 1048576K
}
Event: 7.260 GC heap before
{Heap before GC invocations=27 (full 2):
 PSYoungGen      total 23040K, used 22619K [0x00000000eab00000, 0x00000000ec400000, 0x0000000100000000)
  eden space 20992K, 99% used [0x00000000eab00000,0x00000000ebf7ef00,0x00000000ebf80000)
  from space 2048K, 79% used [0x00000000ec200000,0x00000000ec398000,0x00000000ec400000)
  to   space 2048K, 0% used [0x00000000ec000000,0x00000000ec000000,0x00000000ec200000)
 ParOldGen       total 68608K, used 38179K [0x00000000c0000000, 0x00000000c4300000, 0x00000000eab00000)
  object space 68608K, 55% used [0x00000000c0000000,0x00000000c2548f88,0x00000000c4300000)
 Metaspace       used 44349K, committed 45568K, reserved 1114112K
  class space    used 4632K, committed 5184K, reserved 1048576K
}
Event: 7.262 GC heap after
{Heap after GC invocations=27 (full 2):
 PSYoungGen      total 23040K, used 1693K [0x00000000eab00000, 0x00000000ec380000, 0x0000000100000000)
  eden space 20992K, 0% used [0x00000000eab00000,0x00000000eab00000,0x00000000ebf80000)
  from space 2048K, 82% used [0x00000000ec000000,0x00000000ec1a74d0,0x00000000ec200000)
  to   space 1536K, 0% used [0x00000000ec200000,0x00000000ec200000,0x00000000ec380000)
 ParOldGen       total 68608K, used 39595K [0x00000000c0000000, 0x00000000c4300000, 0x00000000eab00000)
  object space 68608K, 57% used [0x00000000c0000000,0x00000000c26aac88,0x00000000c4300000)
 Metaspace       used 44349K, committed 45568K, reserved 1114112K
  class space    used 4632K, committed 5184K, reserved 1048576K
}
Event: 7.376 GC heap before
{Heap before GC invocations=28 (full 2):
 PSYoungGen      total 23040K, used 22685K [0x00000000eab00000, 0x00000000ec380000, 0x0000000100000000)
  eden space 20992K, 100% used [0x00000000eab00000,0x00000000ebf80000,0x00000000ebf80000)
  from space 2048K, 82% used [0x00000000ec000000,0x00000000ec1a74d0,0x00000000ec200000)
  to   space 1536K, 0% used [0x00000000ec200000,0x00000000ec200000,0x00000000ec380000)
 ParOldGen       total 68608K, used 39717K [0x00000000c0000000, 0x00000000c4300000, 0x00000000eab00000)
  object space 68608K, 57% used [0x00000000c0000000,0x00000000c26c96a0,0x00000000c4300000)
 Metaspace       used 47050K, committed 48320K, reserved 1114112K
  class space    used 4923K, committed 5504K, reserved 1048576K
}
Event: 7.379 GC heap after
{Heap after GC invocations=28 (full 2):
 PSYoungGen      total 21504K, used 1521K [0x00000000eab00000, 0x00000000ec680000, 0x0000000100000000)
  eden space 19968K, 0% used [0x00000000eab00000,0x00000000eab00000,0x00000000ebe80000)
  from space 1536K, 99% used [0x00000000ec200000,0x00000000ec37c780,0x00000000ec380000)
  to   space 3584K, 0% used [0x00000000ebe80000,0x00000000ebe80000,0x00000000ec200000)
 ParOldGen       total 68608K, used 41327K [0x00000000c0000000, 0x00000000c4300000, 0x00000000eab00000)
  object space 68608K, 60% used [0x00000000c0000000,0x00000000c285bd30,0x00000000c4300000)
 Metaspace       used 47050K, committed 48320K, reserved 1114112K
  class space    used 4923K, committed 5504K, reserved 1048576K
}
Event: 7.577 GC heap before
{Heap before GC invocations=29 (full 2):
 PSYoungGen      total 21504K, used 21489K [0x00000000eab00000, 0x00000000ec680000, 0x0000000100000000)
  eden space 19968K, 100% used [0x00000000eab00000,0x00000000ebe80000,0x00000000ebe80000)
  from space 1536K, 99% used [0x00000000ec200000,0x00000000ec37c780,0x00000000ec380000)
  to   space 3584K, 0% used [0x00000000ebe80000,0x00000000ebe80000,0x00000000ec200000)
 ParOldGen       total 68608K, used 41327K [0x00000000c0000000, 0x00000000c4300000, 0x00000000eab00000)
  object space 68608K, 60% used [0x00000000c0000000,0x00000000c285bd30,0x00000000c4300000)
 Metaspace       used 48080K, committed 49344K, reserved 1114112K
  class space    used 5064K, committed 5632K, reserved 1048576K
}
Event: 7.581 GC heap after
{Heap after GC invocations=29 (full 2):
 PSYoungGen      total 23552K, used 3321K [0x00000000eab00000, 0x00000000ec580000, 0x0000000100000000)
  eden space 19968K, 0% used [0x00000000eab00000,0x00000000eab00000,0x00000000ebe80000)
  from space 3584K, 92% used [0x00000000ebe80000,0x00000000ec1be538,0x00000000ec200000)
  to   space 3584K, 0% used [0x00000000ec200000,0x00000000ec200000,0x00000000ec580000)
 ParOldGen       total 68608K, used 42691K [0x00000000c0000000, 0x00000000c4300000, 0x00000000eab00000)
  object space 68608K, 62% used [0x00000000c0000000,0x00000000c29b0fb8,0x00000000c4300000)
 Metaspace       used 48080K, committed 49344K, reserved 1114112K
  class space    used 5064K, committed 5632K, reserved 1048576K
}
Event: 7.772 GC heap before
{Heap before GC invocations=30 (full 2):
 PSYoungGen      total 23552K, used 23212K [0x00000000eab00000, 0x00000000ec580000, 0x0000000100000000)
  eden space 19968K, 99% used [0x00000000eab00000,0x00000000ebe6cc40,0x00000000ebe80000)
  from space 3584K, 92% used [0x00000000ebe80000,0x00000000ec1be538,0x00000000ec200000)
  to   space 3584K, 0% used [0x00000000ec200000,0x00000000ec200000,0x00000000ec580000)
 ParOldGen       total 68608K, used 42691K [0x00000000c0000000, 0x00000000c4300000, 0x00000000eab00000)
  object space 68608K, 62% used [0x00000000c0000000,0x00000000c29b0fb8,0x00000000c4300000)
 Metaspace       used 49293K, committed 50496K, reserved 1114112K
  class space    used 5228K, committed 5760K, reserved 1048576K
}
Event: 7.777 GC heap after
{Heap after GC invocations=30 (full 2):
 PSYoungGen      total 23040K, used 2907K [0x00000000eab00000, 0x00000000ec500000, 0x0000000100000000)
  eden space 19968K, 0% used [0x00000000eab00000,0x00000000eab00000,0x00000000ebe80000)
  from space 3072K, 94% used [0x00000000ec200000,0x00000000ec4d6cf0,0x00000000ec500000)
  to   space 3072K, 0% used [0x00000000ebf00000,0x00000000ebf00000,0x00000000ec200000)
 ParOldGen       total 68608K, used 45714K [0x00000000c0000000, 0x00000000c4300000, 0x00000000eab00000)
  object space 68608K, 66% used [0x00000000c0000000,0x00000000c2ca4910,0x00000000c4300000)
 Metaspace       used 49293K, committed 50496K, reserved 1114112K
  class space    used 5228K, committed 5760K, reserved 1048576K
}

